0.001 0.0002 0.97 0.0003 0.0004 0 0 0.0002 0.0002 0 0 0.0192 0.0034 0.0001 0.0038 0.0013 0 
0.0007 0.0001 0.9811 0.0002 0.0002 0 0 0.0001 0.0002 0 0 0.0101 0.0018 0 0.0041 0.0014 0 
0.0005 0.0001 0.9847 0.0001 0.0002 0 0 0.0001 0.0001 0 0 0.0091 0.0016 0 0.0026 0.0009 0 
0.0005 0.0001 0.9882 0.0001 0.0001 0 0 0.0001 0.0001 0 0 0.0057 0.001 0 0.0031 0.001 0 
0.0003 0 0.9907 0.0001 0.0001 0 0 0 0.0001 0 0 0.0054 0.001 0 0.0017 0.0005 0 
0.0003 0 0.9918 0.0001 0.0001 0 0 0.0001 0.0001 0 0 0.0036 0.0007 0 0.0025 0.0008 0 
0.0002 0 0.9929 0.0001 0.0001 0 0 0 0 0 0 0.0041 0.0008 0 0.0013 0.0004 0 
0.0002 0 0.9937 0 0.0001 0 0 0 0 0 0 0.003 0.0006 0 0.0017 0.0006 0 
0.0002 0 0.9933 0.0001 0.0001 0 0 0 0 0 0 0.0039 0.0007 0 0.0012 0.0004 0 
0.0003 0 0.992 0.0001 0.0001 0 0 0.0001 0.0001 0 0 0.0035 0.0007 0 0.0025 0.0008 0 
0.0002 0 0.993 0.0001 0.0001 0 0 0 0 0 0 0.0041 0.0008 0 0.0013 0.0004 0 
0.0004 0 0.9888 0.0001 0.0001 0 0 0.0001 0.0001 0 0 0.0054 0.0011 0 0.003 0.0009 0 
0.0003 0 0.991 0.0001 0.0001 0 0 0 0.0001 0 0 0.0053 0.001 0 0.0016 0.0005 0 
0.0006 0.0001 0.982 0.0001 0.0002 0 0 0.0001 0.0001 0 0 0.0096 0.0019 0 0.004 0.0012 0 
0.0005 0.0001 0.9853 0.0001 0.0002 0 0 0.0001 0.0001 0 0 0.0088 0.0017 0 0.0025 0.0007 0 
0.0009 0.0001 0.971 0.0002 0.0003 0 0 0.0001 0.0002 0 0 0.0186 0.0037 0 0.0037 0.0011 0 
0.0006 0.0001 0.9805 0.0002 0.0002 0 0 0.0001 0.0001 0 0 0.0128 0.0023 0 0.0023 0.0008 0 
0.0004 0.0001 0.9859 0.0001 0.0001 0 0 0.0001 0.0001 0 0 0.0094 0.0017 0 0.0015 0.0005 0 
0.0003 0 0.9891 0.0001 0.0001 0 0 0 0.0001 0 0 0.0074 0.0014 0 0.0011 0.0004 0 
0.0002 0 0.9911 0.0001 0.0001 0 0 0 0 0 0 0.0059 0.0011 0 0.001 0.0003 0 
0.0003 0 0.9892 0.0001 0.0001 0 0 0 0.0001 0 0 0.0073 0.0014 0 0.0011 0.0003 0 
0.0004 0 0.9862 0.0001 0.0001 0 0 0.0001 0.0001 0 0 0.0092 0.0018 0 0.0015 0.0005 0 
0.0005 0.0001 0.981 0.0001 0.0002 0 0 0.0001 0.0001 0 0 0.0124 0.0024 0 0.0023 0.0007 0 
0.0008 0.0001 0.9736 0.0002 0.0003 0 0 0.0001 0.0002 0 0 0.018 0.0032 0 0.0025 0.0008 0 
0.0006 0.0001 0.9762 0.0002 0.0002 0 0 0.0001 0.0001 0 0 0.0168 0.0031 0 0.0019 0.0006 0 
0.0005 0.0001 0.9809 0.0001 0.0002 0 0 0.0001 0.0001 0 0 0.0137 0.0025 0 0.0014 0.0004 0 
0.0004 0.0001 0.9843 0.0001 0.0002 0 0 0.0001 0.0001 0 0 0.0112 0.0021 0 0.0012 0.0004 0 
0.0004 0.0001 0.981 0.0001 0.0002 0 0 0.0001 0.0001 0 0 0.0136 0.0026 0 0.0014 0.0004 0 
0.0006 0.0001 0.9765 0.0002 0.0002 0 0 0.0001 0.0001 0 0 0.0166 0.0032 0 0.0019 0.0006 0 
0.0007 0.0001 0.9742 0.0002 0.0003 0 0 0.0001 0.0001 0 0 0.0177 0.0035 0 0.0025 0.0007 0 
0.001 0.0002 0.9665 0.0003 0.0004 0 0 0.0001 0.0002 0 0 0.0232 0.0041 0.0001 0.003 0.001 0 
0.0009 0.0001 0.9664 0.0003 0.0003 0 0 0.0001 0.0002 0 0 0.0241 0.0044 0.0001 0.0024 0.0008 0 
0.0007 0.0001 0.9686 0.0002 0.0003 0 0 0.0001 0.0001 0 0 0.023 0.0042 0.0001 0.0019 0.0006 0 
0.0007 0.0001 0.9706 0.0002 0.0003 0 0 0.0001 0.0001 0 0 0.0216 0.0041 0.0001 0.0017 0.0005 0 
0.0007 0.0001 0.9687 0.0002 0.0003 0 0 0.0001 0.0001 0 0 0.0229 0.0044 0.0001 0.0019 0.0006 0 
0.0008 0.0001 0.9667 0.0002 0.0003 0 0 0.0001 0.0002 0 0 0.0238 0.0046 0.0001 0.0024 0.0007 0 
0.0009 0.0001 0.9671 0.0002 0.0003 0 0 0.0001 0.0002 0 0 0.0228 0.0045 0.0001 0.0029 0.0008 0 
0.0013 0.0002 0.9532 0.0004 0.0005 0 0 0.0002 0.0003 0 0 0.033 0.0059 0.0001 0.0037 0.0012 0 
0.0014 0.0002 0.9399 0.0005 0.0006 0 0 0.0002 0.0003 0 0 0.0442 0.008 0.0001 0.0035 0.0011 0 
0.0013 0.0002 0.9373 0.0004 0.0006 0 0 0.0002 0.0003 0 0 0.0468 0.0087 0.0001 0.0031 0.001 0 
0.0013 0.0002 0.9397 0.0004 0.0005 0 0 0.0002 0.0002 0 0 0.0452 0.0085 0.0001 0.0029 0.0009 0 
0.0013 0.0002 0.9373 0.0004 0.0006 0 0 0.0002 0.0002 0 0 0.0468 0.0089 0.0001 0.0031 0.0009 0 
0.0013 0.0002 0.9399 0.0004 0.0006 0 0 0.0002 0.0003 0 0 0.044 0.0085 0.0001 0.0035 0.001 0 
0.0012 0.0001 0.9537 0.0003 0.0005 0 0 0.0002 0.0002 0 0 0.0326 0.0064 0.0001 0.0036 0.001 0 
0.0022 0.0003 0.935 0.0006 0.0008 0 0 0.0003 0.0004 0 0 0.0441 0.0077 0.0001 0.0063 0.0021 0 
0.0032 0.0005 0.8775 0.001 0.0013 0 0 0.0004 0.0006 0 0 0.0902 0.0159 0.0002 0.0068 0.0023 0 
0.003 0.0004 0.8193 0.0011 0.0014 0 0 0.0004 0.0005 0 0 0.1402 0.0264 0.0003 0.0053 0.0016 0 
0.0028 0.0004 0.8768 0.0009 0.0012 0 0 0.0004 0.0005 0 0 0.09 0.0179 0.0002 0.007 0.0019 0 
0.0019 0.0002 0.9361 0.0005 0.0007 0 0 0.0003 0.0004 0 0 0.0432 0.0086 0.0001 0.0063 0.0018 0 
0 0 0 0 0 0 0 0 0 0 0 0 0.0026 0.9973 0 0 0 
0 0 0 0 0 0 0 0 0 0 0 0 0.0024 0.9975 0 0 0 
0 0 0 0 0 0 0 0 0 0 0 0 0.0025 0.9973 0 0 0 
0 0 0 0 0 0 0 0 0 0 0 0 0.0022 0.9977 0 0 0 
0 0 0 0 0 0 0 0 0 0 0 0 0.0026 0.9973 0 0 0 
0 0 0 0 0 0 0 0 0 0 0 0 0.0022 0.9977 0 0 0 
0 0 0 0 0 0 0 0 0 0 0 0 0.0024 0.9975 0 0 0 
0 0 0 0 0 0 0 0 0 0 0 0 0.0022 0.9977 0 0 0 
0 0 0 0 0 0 0 0 0 0 0 0 0.0025 0.9974 0 0 0 
0 0 0 0 0 0 0 0 0 0 0 0 0.0022 0.9977 0 0 0 
0 0 0 0 0 0 0 0 0 0 0 0 0.0025 0.9974 0 0 0 
0 0 0 0 0 0 0 0 0 0 0 0 0.0023 0.9976 0 0 0 
0 0 0 0 0 0 0 0 0 0 0 0 0.0026 0.9972 0 0 0 
0 0 0 0 0 0 0 0 0 0 0 0 0.0025 0.9974 0 0 0 
0 0 0 0 0 0 0 0 0 0 0 0 0.0027 0.9972 0 0 0 
0 0 0 0 0 0 0 0 0 0 0 0 0.0028 0.9971 0 0 0 
0 0 0 0 0.0001 0 0 0 0 0 0 0 0.003 0.9968 0 0 0 
0 0 0 0 0.0001 0 0 0 0 0 0 0 0.0034 0.9965 0 0 0 
0 0 0 0 0.0001 0 0 0 0 0 0 0 0.0036 0.9962 0 0 0 
0 0 0 0.0001 0.0001 0 0 0 0 0 0 0 0.0041 0.9957 0 0 0 
0 0 0 0 0.0001 0 0 0 0 0 0 0 0.0036 0.9962 0 0 0 
0 0 0 0 0.0001 0 0 0 0 0 0 0 0.0034 0.9964 0 0 0 
0 0 0 0 0.0001 0 0 0 0 0 0 0 0.0032 0.9967 0 0 0 
0 0 0 0 0 0 0 0 0 0 0 0 0.0022 0.9977 0 0 0 
0 0 0 0 0 0 0 0 0 0 0 0 0.0019 0.998 0 0 0 
0 0 0 0 0 0 0 0 0 0 0 0 0.0017 0.9982 0 0 0 
0 0 0 0 0 0 0 0 0 0 0 0 0.0018 0.9982 0 0 0 
0 0 0 0 0 0 0 0 0 0 0 0 0.0018 0.9981 0 0 0 
0 0 0 0 0 0 0 0 0 0 0 0 0.002 0.9979 0 0 0 
0 0 0 0 0 0 0 0 0 0 0 0 0.0024 0.9975 0 0 0 
0 0 0 0 0.0002 0.2423 0.7575 0 0 0 0 0 0 0 0 0 0 
0 0 0 0 0.0002 0.2538 0.7459 0 0 0 0 0 0 0 0 0 0 
0 0 0 0 0.0002 0.2707 0.7291 0 0 0 0 0 0 0 0 0 0 
0 0 0 0 0.0002 0.2782 0.7216 0 0 0 0 0 0 0 0 0 0 
0 0 0 0 0.0001 0.2915 0.7083 0 0 0 0 0 0 0 0 0 0 
0 0 0 0 0.0001 0.349 0.6509 0 0 0 0 0 0 0 0 0 0 
0 0 0 0 0.0001 0.3735 0.6264 0 0 0 0 0 0 0 0 0 0 
0 0 0 0 0.0001 0.4024 0.5975 0 0 0 0 0 0 0 0 0 0 
0 0 0 0 0.0001 0.3968 0.6031 0 0 0 0 0 0 0 0 0 0 
0 0 0 0 0.0001 0.424 0.5759 0 0 0 0 0 0 0 0 0 0 
0 0 0 0 0.0001 0.4097 0.5902 0 0 0 0 0 0 0 0 0 0 
0 0 0 0 0.0001 0.4293 0.5706 0 0 0 0 0 0 0 0 0 0 
0 0 0 0 0.0002 0.2548 0.745 0 0 0 0 0 0 0 0 0 0 
0 0 0 0 0.0002 0.2703 0.7294 0 0 0 0 0 0 0 0 0 0 
0 0 0 0 0.0002 0.3209 0.6789 0 0 0 0 0 0 0 0 0 0 
0 0 0 0 0.0001 0.3874 0.6124 0 0 0 0 0 0 0 0 0 0 
0 0 0 0 0.0001 0.416 0.5839 0 0 0 0 0 0 0 0 0 0 
0 0 0 0 0 0 0 0 0.0002 0.227 0.7727 0 0 0 0 0 0 
0 0 0 0 0 0 0 0 0.0002 0.2449 0.7549 0 0 0 0 0 0 
0 0 0 0 0 0 0 0 0.0002 0.2541 0.7457 0 0 0 0 0 0 
0 0 0 0 0 0 0 0 0.0002 0.271 0.7288 0 0 0 0 0 0 
0 0 0 0 0 0 0 0 0.0002 0.2827 0.7172 0 0 0 0 0 0 
0 0 0 0 0 0 0 0 0.0002 0.2959 0.7039 0 0 0 0 0 0 
0 0 0 0 0 0 0 0 0.0001 0.3303 0.6696 0 0 0 0 0 0 
0 0 0 0 0 0 0 0 0.0002 0.3703 0.6295 0 0 0 0 0 0 
0 0 0 0 0 0 0 0 0.0001 0.3755 0.6244 0 0 0 0 0 0 
0 0 0 0 0 0 0 0 0.0001 0.4355 0.5644 0 0 0 0 0 0 
0 0 0 0 0 0 0 0 0.0001 0.4134 0.5865 0 0 0 0 0 0 
0 0 0 0 0 0 0 0 0.0001 0.461 0.5389 0 0 0 0 0 0 
0 0 0 0 0 0 0 0 0.0001 0.4472 0.5527 0 0 0 0 0 0 
0 0 0 0 0 0 0 0 0.0001 0.4794 0.5205 0 0 0 0 0 0 
0 0 0 0 0 0 0 0 0.0001 0.4655 0.5345 0 0 0 0 0 0 
0 0 0 0 0 0 0 0 0.0001 0.4855 0.5144 0 0 0 0 0 0 
0 0 0 0 0 0 0 0 0.0002 0.2484 0.7514 0 0 0 0 0 0 
0 0 0 0 0 0 0 0 0.0002 0.2711 0.7287 0 0 0 0 0 0 
0 0 0 0 0 0 0 0 0.0001 0.3171 0.6827 0 0 0 0 0 0 
0 0 0 0 0 0 0 0 0.0001 0.3514 0.6485 0 0 0 0 0 0 
0 0 0 0 0 0 0 0 0.0001 0.4005 0.5994 0 0 0 0 0 0 
0 0 0 0 0 0 0 0 0.0001 0.4466 0.5533 0 0 0 0 0 0 
0 0 0 0 0 0 0 0 0.0001 0.4662 0.5337 0 0 0 0 0 0 
0 0 0 0 0 0 0 0 0.0002 0.233 0.7667 0 0 0 0 0 0 
0 0 0 0 0 0 0 0 0.0002 0.2594 0.7404 0 0 0 0 0 0 
0 0 0 0 0 0 0 0 0.0002 0.3008 0.699 0 0 0 0 0 0 
0 0 0 0 0 0 0 0 0.0001 0.3516 0.6483 0 0 0 0 0 0 
0 0 0 0 0 0 0 0 0.0001 0.4161 0.5837 0 0 0 0 0 0 
0 0 0 0 0 0 0 0 0.0001 0.4558 0.5441 0 0 0 0 0 0 
0 0 0 0 0 0 0 0 0.0001 0.4775 0.5225 0 0 0 0 0 0 
0 0 0 0 0 0 0 0 0 0 0 0 0 0 0 0.0018 0.9981 
0 0 0 0 0 0 0 0 0 0 0 0 0 0 0 0.0015 0.9985 
0 0 0 0 0 0 0 0 0 0 0 0 0 0 0 0.0011 0.9989 
0 0 0 0 0 0 0 0 0 0 0 0 0 0 0 0.001 0.999 
0 0 0 0 0 0 0 0 0 0 0 0 0 0 0 0.0008 0.9992 
0 0 0 0 0 0 0 0 0 0 0 0 0 0 0 0.0008 0.9991 
0 0 0 0 0 0 0 0 0 0 0 0 0 0 0 0.0006 0.9994 
0 0 0 0 0 0 0 0 0 0 0 0 0 0 0 0.001 0.999 
0 0 0 0 0 0 0 0 0 0 0 0 0 0 0 0.0006 0.9994 
0 0 0 0 0 0 0 0 0 0 0 0 0 0 0 0.0009 0.9991 
0 0 0 0 0 0 0 0 0 0 0 0 0 0 0 0.0006 0.9994 
0 0 0 0 0 0 0 0 0 0 0 0 0 0 0 0.001 0.9989 
0 0 0 0 0 0 0 0 0 0 0 0 0 0 0 0.0008 0.9992 
0 0 0 0 0 0 0 0 0 0 0 0 0 0 0 0.0015 0.9985 
0 0 0 0 0 0 0 0 0 0 0 0 0 0 0 0.0011 0.9989 
0 0 0 0 0 0 0 0 0 0 0 0 0 0 0 0.0016 0.9984 
0 0 0 0 0 0 0 0 0 0 0 0 0 0 0 0.0012 0.9987 
0 0 0 0 0 0 0 0 0 0 0 0 0 0 0 0.0009 0.9991 
0 0 0 0 0 0 0 0 0 0 0 0 0 0 0 0.0006 0.9994 
0 0 0 0 0 0 0 0 0 0 0 0 0 0 0 0.0005 0.9995 
0 0 0 0 0 0 0 0 0 0 0 0 0 0 0 0.0006 0.9994 
0 0 0 0 0 0 0 0 0 0 0 0 0 0 0 0.0009 0.9991 
0 0 0 0 0 0 0 0 0 0 0 0 0 0 0 0.0012 0.9988 
0 0 0 0 0 0 0 0 0 0 0 0 0 0 0 0.0017 0.9983 
0 0 0 0 0 0 0 0 0 0 0 0 0 0 0 0.0017 0.9983 
0 0 0 0 0 0 0 0 0 0 0 0 0 0 0 0.002 0.9979 
0 0 0 0 0 0 0 0 0 0 0 0 0 0 0 0.0017 0.9982 
0 0 0 0 0 0 0 0 0 0 0 0 0 0 0 0.0017 0.9983 
0.0044 0.0014 0.0088 0.011 0.0139 0.0002 0 0.0006 0.001 0 0 0.0633 0.8513 0.042 0.0014 0.0007 0 
0.004 0.0012 0.014 0.0075 0.0096 0.0001 0 0.0006 0.0009 0 0 0.1083 0.8229 0.0288 0.0015 0.0007 0 
0.0031 0.0009 0.0102 0.0063 0.008 0.0001 0 0.0004 0.0007 0 0 0.0791 0.8516 0.0379 0.0011 0.0005 0 
0.0034 0.0009 0.0186 0.0056 0.0071 0.0001 0 0.0005 0.0007 0 0 0.1504 0.7882 0.0223 0.0016 0.0007 0 
0.0023 0.0006 0.0115 0.0042 0.0054 0.0001 0 0.0003 0.0005 0 0 0.0946 0.8479 0.031 0.001 0.0004 0 
0.002 0.0005 0.0115 0.0034 0.0043 0.0001 0 0.0003 0.0004 0 0 0.0981 0.8508 0.0272 0.001 0.0004 0 
0.0023 0.0006 0.0169 0.0035 0.0044 0.0001 0 0.0003 0.0005 0 0 0.1486 0.8039 0.0174 0.0013 0.0005 0 
0.0019 0.0005 0.0113 0.0032 0.004 0.0001 0 0.0003 0.0004 0 0 0.1004 0.8507 0.026 0.001 0.0003 0 
0.0025 0.0006 0.0174 0.0038 0.0048 0.0001 0 0.0003 0.0005 0 0 0.1687 0.7831 0.0161 0.0015 0.0005 0 
0.0019 0.0005 0.0105 0.0032 0.004 0.0001 0 0.0003 0.0004 0 0 0.0979 0.8536 0.0264 0.001 0.0003 0 
0.0028 0.0007 0.0141 0.0047 0.006 0.0001 0 0.0004 0.0006 0 0 0.1457 0.8026 0.0204 0.0016 0.0005 0 
0.002 0.0005 0.0097 0.0037 0.0047 0.0001 0 0.0003 0.0004 0 0 0.0955 0.8527 0.029 0.0011 0.0003 0 
0.0036 0.0009 0.0099 0.0069 0.0089 0.0001 0 0.0005 0.0008 0 0 0.1068 0.8326 0.0268 0.0017 0.0005 0 
0.0026 0.0007 0.0079 0.0053 0.0068 0.0001 0 0.0004 0.0006 0 0 0.0826 0.8567 0.0347 0.0012 0.0004 0 
0.0035 0.001 0.0061 0.0088 0.0113 0.0002 0 0.0005 0.0008 0 0 0.0632 0.8605 0.0423 0.0015 0.0005 0 
0.0025 0.0008 0.0062 0.0062 0.0079 0.0001 0 0.0004 0.0006 0 0 0.0474 0.8635 0.0633 0.0008 0.0004 0 
0.0015 0.0005 0.0052 0.0036 0.0046 0.0001 0 0.0002 0.0004 0 0 0.0423 0.8739 0.0669 0.0006 0.0003 0 
0.0011 0.0003 0.0039 0.0025 0.0032 0 0 0.0002 0.0002 0 0 0.033 0.8835 0.0716 0.0004 0.0002 0 
0.001 0.0003 0.0044 0.0023 0.0029 0 0 0.0001 0.0002 0 0 0.0388 0.8875 0.0617 0.0005 0.0002 0 
0.001 0.0003 0.0035 0.0023 0.003 0 0 0.0001 0.0002 0 0 0.0324 0.8848 0.0718 0.0004 0.0002 0 
0.0013 0.0004 0.0043 0.003 0.0039 0.0001 0 0.0002 0.0003 0 0 0.0426 0.8782 0.0649 0.0006 0.0002 0 
0.0019 0.0005 0.0047 0.0046 0.0059 0.0001 0 0.0003 0.0004 0 0 0.0478 0.8719 0.0608 0.0008 0.0003 0 
0.008 0.0013 0.795 0.0022 0.0029 0 0 0.0011 0.0015 0 0 0.1421 0.0241 0.0004 0.0157 0.0055 0 
0.0158 0.0025 0.6807 0.0043 0.0056 0.0001 0 0.0022 0.003 0 0 0.2125 0.036 0.0006 0.0271 0.0097 0.0001 
0.0095 0.0014 0.8337 0.0022 0.0029 0 0 0.0014 0.0019 0 0 0.0968 0.0167 0.0003 0.0247 0.0085 0 
0.0184 0.0027 0.7513 0.0039 0.0052 0.0001 0 0.0027 0.0036 0 0 0.1307 0.0229 0.0004 0.043 0.015 0.0001 
0.0054 0.0009 0.7813 0.0018 0.0023 0 0 0.0007 0.001 0 0 0.1649 0.0284 0.0004 0.0094 0.0033 0 
0.0057 0.0009 0.4144 0.0027 0.0034 0 0 0.0008 0.0011 0 0 0.4703 0.0894 0.0012 0.0076 0.0024 0 
0.0048 0.0006 0.7771 0.0016 0.002 0 0 0.0007 0.0009 0 0 0.1659 0.0333 0.0004 0.01 0.0027 0 
0.0069 0.0008 0.7927 0.0019 0.0025 0 0 0.001 0.0013 0 0 0.1422 0.0291 0.0003 0.0168 0.0044 0 
0.014 0.0016 0.6738 0.0037 0.0049 0.0001 0 0.0019 0.0026 0 0 0.2143 0.0443 0.0005 0.0305 0.0078 0 
0.0082 0.0009 0.8364 0.0019 0.0025 0 0 0.0012 0.0016 0 0 0.0947 0.0196 0.0002 0.0259 0.0069 0 
0.0162 0.0017 0.7525 0.0034 0.0046 0.0001 0 0.0024 0.0031 0 0 0.1289 0.0271 0.0003 0.0474 0.0123 0.0001 
0.0174 0.0025 0.7881 0.003 0.0041 0.0001 0 0.0028 0.0037 0 0 0.0731 0.0133 0.0002 0.0685 0.023 0.0001 
0.0111 0.0016 0.8456 0.0021 0.0028 0 0 0.0018 0.0024 0 0 0.06 0.0107 0.0002 0.0461 0.0155 0.0001 
0.0109 0.0016 0.8193 0.0017 0.0023 0 0 0.0021 0.0026 0 0 0.035 0.0065 0.0001 0.0886 0.0292 0.0001 
0.0073 0.0011 0.7992 0.001 0.0014 0 0 0.0017 0.0021 0 0 0.0169 0.0033 0.0001 0.1244 0.0416 0.0001 
0.0048 0.0006 0.8004 0.0006 0.0009 0 0 0.0012 0.0015 0 0 0.01 0.0021 0 0.1319 0.0457 0.0001 
0.0062 0.0007 0.8063 0.0009 0.0012 0 0 0.0014 0.0018 0 0 0.0154 0.0034 0 0.1241 0.0386 0.0001 
0.009 0.0009 0.8293 0.0014 0.002 0 0 0.0017 0.0021 0 0 0.0321 0.007 0.0001 0.0888 0.0254 0.0001 
0.0149 0.0015 0.7955 0.0026 0.0036 0.0001 0 0.0024 0.0031 0 0 0.0696 0.015 0.0002 0.072 0.0194 0.0001 
0.0093 0.0009 0.8534 0.0018 0.0024 0 0 0.0015 0.0019 0 0 0.0566 0.012 0.0001 0.047 0.0128 0.0001 
0.0273 0.006 0.1051 0.0196 0.025 0.0003 0 0.0036 0.0052 0.0001 0 0.5476 0.2355 0.0038 0.0147 0.0063 0.0001 
0.0172 0.0044 0.0505 0.0201 0.0254 0.0003 0 0.0023 0.0035 0 0 0.3492 0.5094 0.0073 0.0071 0.0032 0 
0.0308 0.008 0.0539 0.0341 0.0432 0.0005 0 0.0041 0.0063 0.0001 0 0.3192 0.4759 0.007 0.0113 0.0054 0.0001 
0.0233 0.007 0.0317 0.0397 0.0501 0.0006 0 0.0032 0.0051 0.0001 0 0.1965 0.6206 0.0116 0.007 0.0035 0 
0.0141 0.0027 0.1931 0.0078 0.01 0.0001 0 0.0019 0.0026 0 0 0.619 0.1302 0.0022 0.0116 0.0045 0 
0.0105 0.0025 0.0715 0.0097 0.0123 0.0001 0 0.0014 0.0021 0 0 0.6083 0.2685 0.0047 0.0058 0.0025 0 
0.0078 0.0014 0.2503 0.0041 0.0052 0.0001 0 0.001 0.0015 0 0 0.6145 0.1014 0.0017 0.008 0.0029 0 
0.0058 0.0012 0.0908 0.0045 0.0058 0.0001 0 0.0008 0.0011 0 0 0.7077 0.1732 0.0031 0.0043 0.0016 0 
0.0034 0.0006 0.0923 0.0023 0.003 0 0 0.0004 0.0006 0 0 0.7475 0.1434 0.0021 0.0032 0.001 0 
0.0065 0.001 0.2271 0.0031 0.0041 0.0001 0 0.0009 0.0012 0 0 0.6133 0.131 0.0013 0.0083 0.0022 0 
0.004 0.0007 0.0701 0.0029 0.0037 0.0001 0 0.0005 0.0007 0 0 0.6708 0.2394 0.0022 0.0038 0.0011 0 
0.0113 0.0017 0.1578 0.0057 0.0073 0.0001 0 0.0015 0.002 0 0 0.6086 0.1871 0.0014 0.0123 0.0032 0 
0.0052 0.001 0.0329 0.0044 0.0057 0.0001 0 0.0007 0.001 0 0 0.5035 0.4386 0.0021 0.0038 0.001 0 
0.0238 0.0042 0.0794 0.0155 0.02 0.0003 0 0.003 0.0043 0.0001 0 0.5579 0.267 0.0026 0.0173 0.0046 0 
0.0136 0.0029 0.0307 0.015 0.0191 0.0003 0 0.0018 0.0026 0 0 0.3462 0.5531 0.0051 0.0075 0.0021 0 
0.0282 0.0061 0.0387 0.0288 0.0367 0.0005 0 0.0037 0.0054 0.0001 0 0.3997 0.428 0.0054 0.0144 0.0041 0 
0.0213 0.0056 0.0219 0.0355 0.0451 0.0006 0 0.0029 0.0045 0.0001 0 0.2143 0.6265 0.0097 0.0091 0.0028 0 
0.0256 0.0088 0.0191 0.0685 0.0865 0.001 0 0.0037 0.0062 0.0001 0 0.112 0.6425 0.0169 0.0059 0.0032 0 
0.037 0.0119 0.0291 0.069 0.0867 0.001 0 0.0052 0.0084 0.0001 0 0.1682 0.5585 0.0111 0.0091 0.0048 0.0001 
0.0228 0.009 0.0111 0.0978 0.1239 0.0014 0 0.0035 0.0061 0.0001 0 0.0619 0.6317 0.0238 0.0043 0.0025 0 
0.028 0.0109 0.0131 0.1126 0.142 0.0016 0 0.0043 0.0074 0.0001 0 0.0721 0.5805 0.0191 0.0052 0.003 0 
0.0145 0.0066 0.0054 0.1063 0.1375 0.0017 0 0.0024 0.0046 0.0001 0 0.0301 0.6508 0.0361 0.0025 0.0014 0 
0.0129 0.0066 0.0039 0.1546 0.2113 0.0032 0 0.0025 0.005 0.0002 0 0.0223 0.5361 0.0376 0.0025 0.0013 0 
0.015 0.0063 0.0049 0.1052 0.1371 0.0019 0 0.0026 0.0047 0.0001 0 0.032 0.6523 0.0328 0.0036 0.0015 0 
0.0224 0.008 0.0091 0.0924 0.1182 0.0016 0 0.0035 0.006 0.0001 0 0.064 0.6443 0.0218 0.0064 0.0023 0 
0.0279 0.0098 0.0109 0.1077 0.1372 0.0018 0 0.0043 0.0073 0.0002 0 0.0746 0.5896 0.0177 0.008 0.0029 0 
0.0242 0.0074 0.0145 0.0635 0.0808 0.0011 0 0.0036 0.0057 0.0001 0 0.1187 0.6542 0.0151 0.0083 0.0027 0 
0.0355 0.01 0.0225 0.0644 0.0813 0.0011 0 0.005 0.0078 0.0002 0 0.1822 0.5632 0.0095 0.0131 0.0042 0 
0.0061 0.0017 0.0189 0.0106 0.0135 0.0002 0 0.0008 0.0013 0 0 0.1425 0.7808 0.0202 0.0023 0.001 0 
0.0092 0.0029 0.0157 0.0198 0.0251 0.0003 0 0.0013 0.0021 0 0 0.1075 0.7893 0.0226 0.0028 0.0014 0 
0.0042 0.0011 0.0243 0.0064 0.0081 0.0001 0 0.0006 0.0009 0 0 0.1962 0.7365 0.0187 0.002 0.0008 0 
0.003 0.0008 0.0222 0.0043 0.0055 0.0001 0 0.0004 0.0006 0 0 0.1828 0.7614 0.0166 0.0016 0.0006 0 
0.0032 0.0008 0.0191 0.0048 0.0061 0.0001 0 0.0004 0.0007 0 0 0.1983 0.7481 0.0161 0.0019 0.0006 0 
0.0044 0.0011 0.0149 0.0072 0.0092 0.0001 0 0.0006 0.0009 0 0 0.1705 0.772 0.016 0.0023 0.0007 0 
0.0074 0.002 0.0118 0.0146 0.0186 0.0003 0 0.001 0.0016 0 0 0.1254 0.7943 0.0188 0.0032 0.001 0 
0.0133 0.0046 0.0123 0.0393 0.0498 0.0006 0 0.002 0.0032 0.0001 0 0.0765 0.7672 0.0262 0.0032 0.0017 0 
0.0166 0.0065 0.009 0.0738 0.094 0.0011 0 0.0026 0.0045 0.0001 0 0.0513 0.7054 0.0301 0.0032 0.0018 0 
0.0147 0.0052 0.0069 0.0612 0.0785 0.0011 0 0.0023 0.0039 0.0001 0 0.0531 0.7388 0.0283 0.0044 0.0015 0 
0.0107 0.0032 0.0094 0.0283 0.0362 0.0005 0 0.0016 0.0025 0.0001 0 0.0884 0.7902 0.0237 0.004 0.0013 0 
0.0015 0.0005 0.0037 0.0042 0.0054 0.0001 0 0.0002 0.0004 0 0 0.0286 0.8554 0.0993 0.0005 0.0002 0 
0.001 0.0004 0.0019 0.0036 0.0047 0.0001 0 0.0002 0.0003 0 0 0.0145 0.81 0.163 0.0003 0.0001 0 
0.0019 0.0007 0.0033 0.0063 0.0081 0.0001 0 0.0003 0.0005 0 0 0.0239 0.8425 0.1117 0.0005 0.0003 0 
0.0014 0.0005 0.0018 0.0059 0.0076 0.0001 0 0.0002 0.0004 0 0 0.013 0.7852 0.1834 0.0004 0.0002 0 
0.0012 0.0004 0.0039 0.003 0.0038 0 0 0.0002 0.0003 0 0 0.0314 0.8715 0.0838 0.0004 0.0002 0 
0.0008 0.0003 0.0019 0.0024 0.0031 0 0 0.0001 0.0002 0 0 0.0156 0.8289 0.1464 0.0003 0.0001 0 
0.0007 0.0002 0.002 0.0019 0.0024 0 0 0.0001 0.0002 0 0 0.0165 0.8406 0.1352 0.0002 0.0001 0 
0.0007 0.0002 0.0021 0.0018 0.0024 0 0 0.0001 0.0002 0 0 0.0188 0.8817 0.0916 0.0003 0.0001 0 
0.0006 0.0002 0.0018 0.0018 0.0023 0 0 0.0001 0.0002 0 0 0.0166 0.8402 0.1358 0.0003 0.0001 0 
0.0011 0.0003 0.0033 0.0027 0.0035 0 0 0.0002 0.0002 0 0 0.0323 0.8741 0.0815 0.0005 0.0002 0 
0.0007 0.0002 0.0017 0.0022 0.0029 0 0 0.0001 0.0002 0 0 0.016 0.8306 0.1449 0.0003 0.0001 0 
0.0013 0.0004 0.0028 0.0037 0.0047 0.0001 0 0.0002 0.0003 0 0 0.028 0.8603 0.0975 0.0005 0.0002 0 
0.001 0.0003 0.0016 0.0034 0.0044 0.0001 0 0.0001 0.0002 0 0 0.0151 0.8122 0.1611 0.0004 0.0001 0 
0.0017 0.0005 0.0025 0.0057 0.0074 0.0001 0 0.0003 0.0004 0 0 0.0252 0.8477 0.1077 0.0006 0.0002 0 
0.0013 0.0004 0.0015 0.0055 0.0071 0.0001 0 0.0002 0.0003 0 0 0.0138 0.7872 0.1819 0.0004 0.0002 0 
0.002 0.0008 0.0018 0.0098 0.0127 0.0002 0 0.0003 0.0005 0 0 0.012 0.7647 0.1946 0.0004 0.0002 0 
0.0027 0.001 0.0028 0.0113 0.0146 0.0002 0 0.0004 0.0007 0 0 0.0189 0.8192 0.1273 0.0006 0.0003 0 
0.0032 0.0013 0.002 0.0182 0.0236 0.0003 0 0.0005 0.0009 0 0 0.0125 0.7957 0.1408 0.0006 0.0004 0 
0.0041 0.002 0.0014 0.0429 0.058 0.0009 0 0.0008 0.0015 0 0 0.0085 0.8 0.0787 0.0008 0.0004 0 
0.0031 0.0012 0.0017 0.017 0.0222 0.0003 0 0.0005 0.0009 0 0 0.0137 0.8048 0.1335 0.0009 0.0003 0 
0.0019 0.0007 0.0014 0.0091 0.0118 0.0002 0 0.0003 0.0005 0 0 0.0128 0.7682 0.1924 0.0006 0.0002 0 
0.0025 0.0008 0.0022 0.0102 0.0132 0.0002 0 0.0004 0.0006 0 0 0.0202 0.8232 0.1254 0.0008 0.0003 0 
0.0003 0.0001 0.0003 0.0016 0.0021 0 0 0 0.0001 0 0 0.0022 0.1462 0.8469 0.0001 0 0 
0.0006 0.0002 0.0005 0.0037 0.0048 0.0001 0 0.0001 0.0002 0 0 0.0033 0.2439 0.7425 0.0001 0.0001 0 
0.0001 0.0001 0.0002 0.0007 0.0009 0 0 0 0 0 0 0.0014 0.084 0.9125 0 0 0 
0.0001 0 0.0001 0.0003 0.0004 0 0 0 0 0 0 0.0008 0.0469 0.9513 0 0 0 
0.0001 0 0.0001 0.0003 0.0004 0 0 0 0 0 0 0.0011 0.063 0.935 0 0 0 
0.0001 0 0.0001 0.0003 0.0004 0 0 0 0 0 0 0.0008 0.0502 0.9479 0 0 0 
0.0001 0.0001 0.0002 0.0007 0.0009 0 0 0 0 0 0 0.0015 0.0914 0.905 0 0 0 
0.0003 0.0001 0.0003 0.0016 0.0021 0 0 0 0.0001 0 0 0.0024 0.158 0.8349 0.0001 0 0 
0.0006 0.0002 0.0004 0.0035 0.0046 0.0001 0 0.0001 0.0002 0 0 0.0036 0.2605 0.726 0.0002 0.0001 0 
0.0012 0.0005 0.0007 0.0081 0.0107 0.0001 0 0.0002 0.0004 0 0 0.0045 0.4006 0.5726 0.0002 0.0001 0 
0.002 0.0009 0.0009 0.0159 0.0211 0.0003 0 0.0003 0.0006 0 0 0.0056 0.6539 0.2977 0.0004 0.0002 0 
0.0032 0.0015 0.0013 0.0275 0.0366 0.0005 0 0.0006 0.0011 0 0 0.0078 0.7865 0.1324 0.0006 0.0003 0 
0.0028 0.0013 0.001 0.0243 0.0324 0.0005 0 0.0005 0.0009 0 0 0.0069 0.8022 0.1263 0.0006 0.0003 0 
0.0018 0.0008 0.0008 0.0141 0.0188 0.0003 0 0.0003 0.0006 0 0 0.0055 0.6684 0.2881 0.0004 0.0002 0 
0.0011 0.0004 0.0006 0.0076 0.01 0.0001 0 0.0002 0.0003 0 0 0.0048 0.4234 0.551 0.0003 0.0001 0 
0.0001 0 0.0001 0.0004 0.0005 0 0 0 0 0 0 0.0006 0.0417 0.9564 0 0 0 
0 0 0 0.0002 0.0003 0 0 0 0 0 0 0.0003 0.0186 0.9805 0 0 0 
0.0001 0 0.0001 0.0005 0.0007 0 0 0 0 0 0 0.0006 0.0432 0.9547 0 0 0 
0.0001 0 0 0.0003 0.0004 0 0 0 0 0 0 0.0003 0.0251 0.9737 0 0 0 
0.0001 0 0.0001 0.0003 0.0004 0 0 0 0 0 0 0.0006 0.0379 0.9605 0 0 0 
0 0 0 0.0001 0.0002 0 0 0 0 0 0 0.0002 0.0152 0.9842 0 0 0 
0.0001 0 0.0001 0.0003 0.0003 0 0 0 0 0 0 0.0007 0.0397 0.9588 0 0 0 
0 0 0 0.0001 0.0001 0 0 0 0 0 0 0.0002 0.0135 0.986 0 0 0 
0.0001 0 0.0001 0.0003 0.0004 0 0 0 0 0 0 0.0007 0.0421 0.9563 0 0 0 
0.0001 0 0.0001 0.0003 0.0004 0 0 0 0 0 0 0.0007 0.0418 0.9566 0 0 0 
0 0 0 0.0002 0.0002 0 0 0 0 0 0 0.0003 0.0173 0.9819 0 0 0 
0.0001 0 0.0001 0.0004 0.0006 0 0 0 0 0 0 0.0007 0.0468 0.9512 0 0 0 
0 0 0 0.0002 0.0003 0 0 0 0 0 0 0.0003 0.0211 0.9779 0 0 0 
0.0001 0 0.0001 0.0005 0.0007 0 0 0 0 0 0 0.0007 0.0475 0.9504 0 0 0 
0.0001 0 0 0.0003 0.0004 0 0 0 0 0 0 0.0003 0.0267 0.9721 0 0 0 
0.0001 0 0.0001 0.0005 0.0006 0 0 0 0 0 0 0.0004 0.0351 0.9632 0 0 0 
0.0001 0 0.0001 0.0007 0.0009 0 0 0 0 0 0 0.0006 0.0478 0.9497 0 0 0 
0.0001 0 0.0001 0.0007 0.0009 0 0 0 0 0 0 0.0005 0.0499 0.9477 0 0 0 
0.0001 0.0001 0.0001 0.001 0.0013 0 0 0 0 0 0 0.0007 0.0642 0.9324 0 0 0 
0.0001 0 0.0001 0.0006 0.0008 0 0 0 0 0 0 0.0004 0.0495 0.9484 0 0 0 
0.0001 0 0.0001 0.0006 0.0008 0 0 0 0 0 0 0.0005 0.0494 0.9483 0 0 0 
0.0001 0 0.0001 0.0006 0.0008 0 0 0 0 0 0 0.0004 0.0417 0.9563 0 0 0 
0.0001 0.0001 0.0001 0.0009 0.0012 0 0 0 0 0 0 0.0006 0.0594 0.9375 0 0 0 
0.0001 0 0 0.0004 0.0006 0 0 0 0 0 0 0.0004 0.0335 0.9648 0 0 0 
0.0001 0 0.0001 0.0006 0.0008 0 0 0 0 0 0 0.0006 0.0489 0.9487 0 0 0 
0 0 0 0.0001 0.0002 0 0 0 0 0 0 0.0001 0.0109 0.9886 0 0 0 
0 0 0 0.0001 0.0001 0 0 0 0 0 0 0.0001 0.0042 0.9956 0 0 0 
0 0 0 0.0001 0.0002 0 0 0 0 0 0 0.0001 0.0096 0.9899 0 0 0 
0 0 0 0.0001 0.0001 0 0 0 0 0 0 0.0001 0.0056 0.9942 0 0 0 
0 0 0 0.0001 0.0001 0 0 0 0 0 0 0.0001 0.0091 0.9905 0 0 0 
0 0 0 0 0 0 0 0 0 0 0 0 0.0033 0.9965 0 0 0 
0 0 0 0.0001 0.0001 0 0 0 0 0 0 0.0002 0.0098 0.9898 0 0 0 
0 0 0 0 0 0 0 0 0 0 0 0 0.0029 0.9969 0 0 0 
0 0 0 0 0 0 0 0 0 0 0 0.0001 0.0037 0.9962 0 0 0 
0 0 0 0.0001 0.0001 0 0 0 0 0 0 0.0002 0.0107 0.9888 0 0 0 
0 0 0 0 0 0 0 0 0 0 0 0 0.0032 0.9967 0 0 0 
0 0 0 0.0001 0.0001 0 0 0 0 0 0 0.0002 0.0105 0.989 0 0 0 
0 0 0 0 0.0001 0 0 0 0 0 0 0.0001 0.0039 0.996 0 0 0 
0 0 0 0.0001 0.0002 0 0 0 0 0 0 0.0002 0.0122 0.9873 0 0 0 
0 0 0 0.0001 0.0001 0 0 0 0 0 0 0.0001 0.0049 0.9949 0 0 0 
0 0 0 0.0001 0.0002 0 0 0 0 0 0 0.0001 0.0105 0.9891 0 0 0 
0 0 0 0.0001 0.0001 0 0 0 0 0 0 0.0001 0.006 0.9937 0 0 0 
0 0 0 0.0001 0.0001 0 0 0 0 0 0 0.0001 0.0076 0.9921 0 0 0 
0 0 0 0.0002 0.0002 0 0 0 0 0 0 0.0001 0.0116 0.9879 0 0 0 
0 0 0 0.0001 0.0002 0 0 0 0 0 0 0.0001 0.0096 0.9899 0 0 0 
0 0 0 0.0002 0.0002 0 0 0 0 0 0 0.0001 0.012 0.9875 0 0 0 
0 0 0 0.0001 0.0001 0 0 0 0 0 0 0.0001 0.0088 0.9908 0 0 0 
0 0 0 0.0001 0.0002 0 0 0 0 0 0 0.0001 0.0089 0.9907 0 0 0 
0 0 0 0.0001 0.0002 0 0 0 0 0 0 0.0001 0.0108 0.9887 0 0 0 
0 0 0 0.0001 0.0001 0 0 0 0 0 0 0.0001 0.0075 0.9921 0 0 0 
0 0 0 0.0001 0.0002 0 0 0 0 0 0 0.0001 0.0114 0.988 0 0 0 
0 0 0 0 0 0 0 0 0 0 0 0 0.0028 0.9971 0 0 0 
0 0 0 0.0001 0.0001 0 0 0 0 0 0 0 0.004 0.9958 0 0 0 
0 0 0 0 0 0 0 0 0 0 0 0 0.0021 0.9978 0 0 0 
0 0 0 0 0 0 0 0 0 0 0 0 0.0023 0.9976 0 0 0 
0 0 0 0 0 0 0 0 0 0 0 0 0.0031 0.9968 0 0 0 
0 0 0 0.0001 0.0001 0 0 0 0 0 0 0 0.0042 0.9956 0 0 0 
0 0 0 0.0001 0.0001 0 0 0 0 0 0 0.0001 0.0057 0.9941 0 0 0 
0 0 0 0.0001 0.0001 0 0 0 0 0 0 0.0001 0.007 0.9927 0 0 0 
0 0 0 0.0001 0.0001 0 0 0 0 0 0 0.0001 0.0076 0.992 0 0 0 
0 0 0 0.0001 0.0001 0 0 0 0 0 0 0.0001 0.0079 0.9917 0 0 0 
0 0 0 0.0001 0.0001 0 0 0 0 0 0 0.0001 0.0068 0.9929 0 0 0 
0 0 0 0.0001 0.0001 0 0 0 0 0 0 0.0001 0.0057 0.9941 0 0 0 
0.0051 0.0019 0.005 0.0197 0.0252 0.0003 0 0.0008 0.0013 0 0 0.0327 0.8388 0.0672 0.0012 0.0006 0 
0.0029 0.001 0.0049 0.0093 0.0119 0.0001 0 0.0004 0.0007 0 0 0.0349 0.8563 0.0763 0.0008 0.0004 0 
0.0089 0.0036 0.0052 0.0462 0.0593 0.0007 0 0.0014 0.0025 0.0001 0 0.0306 0.7878 0.0509 0.0018 0.001 0 
0.0052 0.0017 0.0039 0.0199 0.0257 0.0004 0 0.0008 0.0013 0 0 0.0357 0.8393 0.0638 0.0017 0.0006 0 
0.003 0.0009 0.0038 0.0097 0.0125 0.0002 0 0.0004 0.0007 0 0 0.0375 0.8595 0.0704 0.0011 0.0004 0 
0.0019 0.0006 0.0049 0.0051 0.0065 0.0001 0 0.0003 0.0005 0 0 0.0377 0.8598 0.0817 0.0006 0.0003 0 
0.0018 0.0005 0.0038 0.0048 0.0062 0.0001 0 0.0003 0.0004 0 0 0.0389 0.8688 0.0733 0.0008 0.0002 0 
0.2196 0.0765 0.025 0.1625 0.2124 0.0027 0 0.029 0.0465 0.0006 0 0.0951 0.093 0.0029 0.0191 0.0149 0.0002 
0.1391 0.1642 0.014 0.184 0.2609 0.0041 0 0.0423 0.0733 0.0012 0 0.0423 0.0434 0.0014 0.0148 0.0147 0.0002 
0.2729 0.1297 0.0249 0.0886 0.1339 0.0027 0 0.0774 0.1161 0.0013 0 0.0531 0.0339 0.001 0.0318 0.032 0.0005 
0.2057 0.1698 0.0169 0.0812 0.1353 0.0035 0 0.1058 0.1635 0.0019 0 0.0346 0.0245 0.0008 0.0255 0.0306 0.0005 
0.0699 0.0305 0.0167 0.238 0.2937 0.0029 0 0.011 0.0193 0.0003 0 0.0801 0.2143 0.0077 0.0092 0.0062 0.0001 
0.0558 0.0353 0.0084 0.332 0.4037 0.0037 0 0.0112 0.0213 0.0004 0 0.0354 0.0788 0.003 0.006 0.0048 0.0001 
0.0144 0.0088 0.0035 0.2666 0.3747 0.0062 0 0.0031 0.0069 0.0002 0 0.0191 0.2753 0.0171 0.0025 0.0014 0 
0.0818 0.032 0.0161 0.2181 0.2711 0.0035 0 0.0132 0.0218 0.0005 0 0.0833 0.2278 0.0069 0.0167 0.007 0.0001 
0.0496 0.0332 0.0073 0.3283 0.3997 0.0047 0 0.0112 0.0205 0.0006 0 0.0336 0.0943 0.0032 0.0092 0.0045 0.0001 
0.2497 0.0727 0.0234 0.1435 0.1926 0.0035 0 0.0339 0.0516 0.001 0 0.0814 0.0922 0.0025 0.0351 0.0169 0.0002 
0.1292 0.1201 0.0119 0.2165 0.2957 0.0053 0 0.0329 0.0558 0.0013 0 0.0395 0.0568 0.0017 0.0211 0.012 0.0002 
0.2759 0.1127 0.0207 0.0886 0.1332 0.0038 0 0.0785 0.1131 0.0017 0 0.0423 0.0388 0.001 0.0554 0.0337 0.0005 
0.1872 0.1799 0.0137 0.1046 0.1657 0.0054 0.0001 0.0837 0.1302 0.0025 0 0.0294 0.0311 0.0009 0.0384 0.0269 0.0004 
0.2506 0.1803 0.0145 0.0283 0.0489 0.0014 0 0.1558 0.2043 0.0012 0 0.0186 0.0104 0.0003 0.0348 0.0496 0.0009 
0.0756 0.0434 0.0088 0.0091 0.0174 0.0007 0 0.3219 0.3723 0.0011 0 0.0076 0.0037 0.0001 0.0359 0.1003 0.0021 
0.0175 0.0087 0.0028 0.0028 0.0067 0.0005 0 0.3062 0.3634 0.0013 0 0.0021 0.0011 0 0.0211 0.2565 0.0093 
0.0734 0.0215 0.0074 0.0111 0.0216 0.0013 0 0.3275 0.3788 0.0017 0 0.0074 0.0047 0.0001 0.0556 0.0861 0.0018 
0.2508 0.0739 0.0142 0.0442 0.0736 0.0029 0 0.1688 0.2208 0.0021 0 0.0216 0.0172 0.0005 0.0577 0.0507 0.0009 
0.0225 0.0356 0.0027 0.2214 0.6119 0.0163 0.0001 0.0108 0.0338 0.0013 0 0.0098 0.0273 0.0012 0.0026 0.0027 0 
0.0208 0.0562 0.0021 0.1084 0.6535 0.0282 0.0002 0.0188 0.0819 0.0039 0 0.0063 0.013 0.0006 0.0026 0.0034 0.0001 
0.0153 0.0147 0.0025 0.3566 0.5206 0.009 0 0.0046 0.0121 0.0004 0 0.0105 0.048 0.0023 0.0018 0.0015 0 
0.0068 0.0067 0.0012 0.1423 0.7381 0.0329 0.0002 0.0024 0.0086 0.0005 0 0.0057 0.0501 0.0028 0.0011 0.0007 0 
0.013 0.0094 0.0023 0.3763 0.466 0.0056 0 0.0034 0.0077 0.0003 0 0.012 0.0954 0.0048 0.0025 0.0013 0 
0.0152 0.0147 0.0021 0.3638 0.5141 0.01 0.0001 0.0053 0.0146 0.0007 0 0.0095 0.0435 0.0019 0.0028 0.0016 0 
0.0252 0.0375 0.0025 0.2065 0.5993 0.0214 0.0002 0.0142 0.0474 0.0026 0 0.009 0.0252 0.001 0.0047 0.0033 0.0001 
0.0212 0.0585 0.0019 0.103 0.5997 0.039 0.0004 0.0258 0.1148 0.007 0 0.0056 0.0136 0.0005 0.0046 0.0043 0.0001 
0.0101 0.0272 0.0009 0.0554 0.6863 0.0894 0.0009 0.0136 0.0929 0.0077 0 0.0028 0.008 0.0003 0.0022 0.0022 0 
0.0051 0.0156 0.0005 0.0186 0.678 0.1055 0.0008 0.0091 0.1475 0.0134 0 0.0013 0.0025 0.0001 0.0007 0.0013 0 
0.0128 0.0391 0.0012 0.0469 0.639 0.0456 0.0003 0.0203 0.1704 0.01 0 0.0033 0.006 0.0003 0.0018 0.003 0.0001 
0.0033 0.0103 0.0003 0.0089 0.5191 0.1457 0.0014 0.0073 0.2624 0.0376 0.0001 0.0007 0.0012 0.0001 0.0005 0.001 0 
0.0067 0.0213 0.0006 0.0178 0.5504 0.0785 0.0007 0.0143 0.2796 0.0232 0.0001 0.0015 0.0024 0.0001 0.001 0.0019 0 
0.0018 0.0056 0.0002 0.0041 0.3454 0.1862 0.002 0.005 0.3716 0.0759 0.0003 0.0004 0.0006 0 0.0003 0.0006 0 
0.0022 0.007 0.0002 0.0049 0.3377 0.1467 0.0016 0.006 0.4191 0.072 0.0003 0.0005 0.0007 0 0.0004 0.0008 0 
0.0014 0.0042 0.0001 0.0032 0.1912 0.1793 0.002 0.0047 0.4743 0.1374 0.0006 0.0003 0.0005 0 0.0003 0.0006 0 
0.0023 0.0069 0.0002 0.0058 0.3093 0.1968 0.0023 0.0069 0.3858 0.0804 0.0003 0.0004 0.0009 0 0.0006 0.0009 0 
0.0028 0.0084 0.0002 0.007 0.2969 0.1627 0.002 0.0086 0.4287 0.0787 0.0003 0.0005 0.0011 0 0.0008 0.0012 0 
0.0048 0.0148 0.0004 0.0133 0.4445 0.1665 0.002 0.0118 0.2932 0.0427 0.0001 0.001 0.002 0.0001 0.0012 0.0016 0 
0.0077 0.0245 0.0006 0.0205 0.4434 0.1129 0.0014 0.0188 0.3262 0.0345 0.0001 0.0015 0.0031 0.0001 0.002 0.0026 0.0001 
0.0078 0.0239 0.0007 0.0275 0.5858 0.1284 0.0015 0.015 0.1808 0.0186 0.0001 0.0017 0.004 0.0002 0.0019 0.0022 0 
0.015 0.048 0.0012 0.0485 0.5491 0.0695 0.0008 0.0274 0.2063 0.0158 0 0.0033 0.007 0.0003 0.0036 0.0041 0.0001 
0.0081 0.0172 0.0009 0.0707 0.7841 0.0612 0.0003 0.0061 0.0331 0.002 0 0.0032 0.0105 0.0005 0.001 0.0012 0 
0.0041 0.0089 0.0005 0.036 0.7828 0.1271 0.0006 0.0035 0.0258 0.002 0 0.0016 0.0058 0.0003 0.0005 0.0006 0 
0.0071 0.019 0.0007 0.04 0.7633 0.0789 0.0004 0.0082 0.0675 0.0047 0 0.0022 0.0055 0.0002 0.0009 0.0013 0 
0.0038 0.0101 0.0004 0.0228 0.7578 0.1393 0.0008 0.0046 0.05 0.0044 0 0.0012 0.0033 0.0002 0.0005 0.0007 0 
0.0075 0.0115 0.001 0.1064 0.7771 0.0496 0.0002 0.0039 0.0167 0.0009 0 0.004 0.0183 0.0009 0.0009 0.0009 0 
0.004 0.0069 0.0005 0.0504 0.789 0.1176 0.0005 0.0025 0.0147 0.001 0 0.002 0.0093 0.0005 0.0005 0.0005 0 
0.0064 0.0078 0.001 0.1214 0.7704 0.0438 0.0002 0.0027 0.0103 0.0006 0 0.0043 0.028 0.0015 0.0009 0.0007 0 
0.0037 0.0054 0.0005 0.059 0.7861 0.1152 0.0004 0.002 0.0101 0.0007 0 0.0022 0.013 0.0007 0.0005 0.0005 0 
0.0042 0.0055 0.0006 0.0745 0.7863 0.0924 0.0004 0.0021 0.0098 0.0007 0 0.0027 0.0186 0.001 0.0007 0.0005 0 
0.0065 0.0077 0.001 0.1265 0.7568 0.0466 0.0002 0.003 0.0121 0.0008 0 0.0044 0.0307 0.0016 0.0012 0.0008 0 
0.0041 0.0059 0.0005 0.0648 0.7691 0.1197 0.0006 0.0024 0.0131 0.0011 0 0.0023 0.0143 0.0007 0.0007 0.0005 0 
0.0081 0.0117 0.001 0.1234 0.7441 0.0548 0.0004 0.0048 0.0216 0.0015 0 0.0042 0.021 0.001 0.0015 0.0011 0 
0.0048 0.0083 0.0006 0.0616 0.7551 0.1258 0.0008 0.0036 0.0217 0.0019 0 0.0023 0.0113 0.0006 0.0009 0.0007 0 
0.0099 0.0193 0.001 0.0899 0.7335 0.0686 0.0006 0.0084 0.044 0.0033 0 0.0037 0.0135 0.0006 0.002 0.0016 0 
0.0056 0.0119 0.0006 0.049 0.7325 0.1378 0.0012 0.0057 0.0397 0.0037 0 0.002 0.0079 0.0004 0.0011 0.001 0 
0.0057 0.0152 0.0005 0.0332 0.6827 0.1603 0.0017 0.0081 0.0753 0.0078 0 0.0016 0.005 0.0002 0.0013 0.0013 0 
0.0032 0.0095 0.0003 0.0133 0.6939 0.1601 0.0012 0.0054 0.0983 0.0106 0 0.0009 0.0018 0.0001 0.0005 0.0008 0 
0.003 0.0093 0.0003 0.0089 0.561 0.1619 0.0016 0.0064 0.2138 0.0304 0.0001 0.0007 0.0012 0.0001 0.0004 0.0009 0 
0.0016 0.0049 0.0001 0.0039 0.4 0.2282 0.0025 0.0042 0.2918 0.0607 0.0002 0.0003 0.0006 0 0.0003 0.0006 0 
0.0015 0.0043 0.0001 0.0034 0.218 0.2322 0.0025 0.0046 0.4161 0.1151 0.0005 0.0003 0.0005 0 0.0003 0.0006 0 
0.0021 0.0064 0.0002 0.0058 0.3567 0.2412 0.0029 0.0061 0.3103 0.0654 0.0002 0.0004 0.0009 0 0.0005 0.0008 0 
0.0045 0.0138 0.0004 0.0135 0.4819 0.1868 0.0023 0.0105 0.2449 0.0356 0.0001 0.0009 0.002 0.0001 0.0011 0.0015 0 
0.0052 0.0153 0.0004 0.0211 0.6033 0.1895 0.0022 0.0096 0.1307 0.0156 0.0001 0.0012 0.0032 0.0001 0.0012 0.0014 0 
0.0018 0.004 0.0002 0.0151 0.6851 0.2676 0.0011 0.0017 0.0178 0.0017 0 0.0007 0.0025 0.0001 0.0002 0.0003 0 
0.0019 0.005 0.0002 0.0108 0.6847 0.2484 0.0014 0.0025 0.0379 0.0042 0 0.0006 0.0016 0.0001 0.0003 0.0004 0 
0.0018 0.0033 0.0002 0.0206 0.6734 0.2817 0.0011 0.0013 0.0104 0.0009 0 0.0008 0.0039 0.0002 0.0002 0.0003 0 
0.0017 0.0028 0.0002 0.0235 0.6547 0.2999 0.0009 0.0011 0.0078 0.0007 0 0.0009 0.0049 0.0003 0.0003 0.0002 0 
0.0021 0.0033 0.0003 0.0318 0.6926 0.2491 0.0008 0.0013 0.0086 0.0008 0 0.0012 0.007 0.0004 0.0004 0.0003 0 
0.002 0.0035 0.0003 0.027 0.6384 0.3061 0.0013 0.0015 0.0112 0.0011 0 0.001 0.0056 0.0003 0.0004 0.0003 0 
0.0025 0.0048 0.0003 0.0276 0.6447 0.2884 0.0019 0.0023 0.0183 0.0019 0 0.0011 0.0051 0.0003 0.0005 0.0004 0 
0.0031 0.007 0.0003 0.0246 0.6451 0.2689 0.0024 0.0036 0.0344 0.0039 0 0.0011 0.0041 0.0002 0.0006 0.0006 0 
0.0034 0.0092 0.0003 0.0194 0.6155 0.2649 0.0029 0.0053 0.0652 0.008 0 0.001 0.003 0.0001 0.0008 0.0008 0 
0.0021 0.0062 0.0002 0.0083 0.6463 0.2237 0.0019 0.0038 0.0924 0.0124 0 0.0005 0.0012 0.0001 0.0003 0.0005 0 
0.0016 0.0051 0.0001 0.0049 0.5198 0.2616 0.0027 0.0037 0.1682 0.0302 0.0001 0.0004 0.0007 0 0.0003 0.0005 0 
0.0026 0.0078 0.0002 0.0083 0.449 0.2846 0.0036 0.0062 0.1982 0.0359 0.0001 0.0006 0.0013 0.0001 0.0006 0.0009 0 
0.0036 0.0107 0.0003 0.0144 0.5552 0.2562 0.0031 0.0071 0.1266 0.0178 0.0001 0.0009 0.0022 0.0001 0.0009 0.001 0 
0.0006 0.0014 0.0001 0.0042 0.4563 0.522 0.0019 0.0007 0.0105 0.0013 0 0.0002 0.0007 0 0.0001 0.0001 0 
0.001 0.0028 0.0001 0.0052 0.5621 0.3812 0.0027 0.0016 0.0365 0.0052 0 0.0003 0.0008 0 0.0001 0.0002 0 
0.0005 0.001 0.0001 0.006 0.1975 0.7851 0.0026 0.0004 0.0045 0.0006 0 0.0002 0.0012 0.0001 0.0001 0.0001 0 
0.0008 0.0014 0.0001 0.0093 0.2541 0.7232 0.0013 0.0006 0.0059 0.0007 0 0.0004 0.0019 0.0001 0.0001 0.0001 0 
0.0007 0.0015 0.0001 0.0079 0.2158 0.7586 0.0037 0.0007 0.0078 0.001 0 0.0003 0.0015 0.0001 0.0001 0.0001 0 
0.0017 0.0044 0.0002 0.0122 0.4618 0.4723 0.005 0.0024 0.0323 0.0044 0 0.0006 0.002 0.0001 0.0004 0.0004 0 
0.0022 0.006 0.0002 0.0112 0.4948 0.3997 0.0048 0.0038 0.0643 0.0095 0 0.0006 0.0018 0.0001 0.0005 0.0006 0 
0.0013 0.0039 0.0001 0.005 0.5543 0.3327 0.003 0.0025 0.0822 0.0133 0.0001 0.0003 0.0007 0 0.0002 0.0003 0 
0.0024 0.0071 0.0002 0.0095 0.4764 0.3588 0.0046 0.0049 0.114 0.0187 0.0001 0.0006 0.0015 0.0001 0.0006 0.0007 0 
0.0002 0.0005 0 0.0019 0.1199 0.8586 0.0108 0.0003 0.0062 0.001 0 0.0001 0.0003 0 0 0 0 
0 0.0001 0 0.0003 0.0164 0.9033 0.0775 0.0001 0.0019 0.0004 0 0 0 0 0 0 0 
0.0002 0.0005 0 0.0011 0.0857 0.8808 0.02 0.0003 0.0093 0.0017 0 0.0001 0.0002 0 0 0 0 
0 0.0001 0 0.0003 0.019 0.8964 0.08 0.0001 0.0033 0.0007 0 0 0 0 0 0 0 
0.0004 0.0007 0 0.0038 0.1591 0.8231 0.0063 0.0003 0.0045 0.0006 0 0.0002 0.0007 0 0.0001 0.0001 0 
0 0.0001 0 0.0003 0.0163 0.909 0.0727 0 0.0012 0.0002 0 0 0.0001 0 0 0 0 
0 0.0001 0 0.0004 0.0134 0.9313 0.0536 0 0.0008 0.0001 0 0 0.0001 0 0 0 0 
0.0007 0.0015 0.0001 0.0063 0.1847 0.7844 0.0082 0.0008 0.0101 0.0014 0 0.0003 0.0012 0.0001 0.0001 0.0001 0 
0.0001 0.0002 0 0.0005 0.0183 0.9124 0.0658 0.0001 0.0021 0.0004 0 0 0.0001 0 0 0 0 
0.0006 0.0014 0.0001 0.0043 0.1473 0.8139 0.0138 0.0008 0.0143 0.0023 0 0.0002 0.0008 0 0.0001 0.0001 0 
0.0001 0.0002 0 0.0005 0.019 0.908 0.0682 0.0001 0.0031 0.0006 0 0 0.0001 0 0 0 0 
0.0005 0.0012 0 0.0028 0.1072 0.8441 0.0221 0.0008 0.0174 0.0031 0 0.0001 0.0005 0 0.0001 0.0001 0 
0.0001 0.0003 0 0.0005 0.0223 0.9011 0.0694 0.0002 0.005 0.001 0 0 0.0001 0 0 0 0 
0.0001 0.0002 0 0.0003 0.022 0.8927 0.0782 0.0001 0.0053 0.0011 0 0 0 0 0 0 0 
0.0002 0.0005 0 0.0009 0.0709 0.8732 0.0366 0.0003 0.0142 0.0029 0 0 0.0001 0 0 0 0 
0.0001 0.0002 0 0.0003 0.0239 0.8886 0.0779 0.0002 0.0073 0.0015 0 0 0.0001 0 0 0 0 
0.0001 0.0004 0 0.0005 0.0438 0.894 0.0431 0.0003 0.0145 0.0031 0 0 0.0001 0 0 0 0 
0.0001 0.0002 0 0.0003 0.0193 0.9103 0.0613 0.0001 0.0068 0.0015 0 0 0 0 0 0 0 
0.0001 0.0003 0 0.0005 0.0272 0.9208 0.0368 0.0003 0.0113 0.0025 0 0 0.0001 0 0 0 0 
0.0001 0.0003 0 0.0005 0.0259 0.8784 0.083 0.0002 0.0093 0.002 0 0 0.0001 0 0 0 0 
0.0002 0.0006 0 0.001 0.047 0.8929 0.0374 0.0005 0.0166 0.0035 0 0.0001 0.0002 0 0.0001 0.0001 0 
0.0001 0.0003 0 0.0006 0.0246 0.8933 0.072 0.0002 0.0072 0.0015 0 0 0.0001 0 0 0 0 
0.0004 0.001 0 0.0019 0.0807 0.8563 0.0346 0.0007 0.02 0.0039 0 0.0001 0.0003 0 0.0001 0.0001 0 
0 0 0 0.0001 0.0069 0.6989 0.2927 0 0.001 0.0002 0 0 0 0 0 0 0 
0 0 0 0 0.0011 0.1734 0.8252 0 0.0002 0 0 0 0 0 0 0 0 
0 0 0 0.0001 0.0051 0.6002 0.3935 0 0.0009 0.0002 0 0 0 0 0 0 0 
0 0 0 0 0.0013 0.1698 0.8286 0 0.0003 0.0001 0 0 0 0 0 0 0 
0 0 0 0.0001 0.0064 0.8217 0.1708 0 0.0007 0.0001 0 0 0 0 0 0 0 
0 0 0 0 0.001 0.1934 0.8054 0 0.0002 0 0 0 0 0 0 0 0 
0 0 0 0.0001 0.0051 0.9066 0.0874 0 0.0006 0.0001 0 0 0 0 0 0 0 
0 0 0 0 0.0008 0.2446 0.7544 0 0.0001 0 0 0 0 0 0 0 0 
0 0 0 0 0.0005 0.3268 0.6726 0 0.0001 0 0 0 0 0 0 0 0 
0 0.0001 0 0.0001 0.0053 0.9128 0.0808 0 0.0008 0.0001 0 0 0 0 0 0 0 
0 0 0 0 0.0004 0.4649 0.5346 0 0.0001 0 0 0 0 0 0 0 0 
0 0.0001 0 0.0002 0.0064 0.8508 0.1413 0 0.001 0.0002 0 0 0 0 0 0 0 
0 0 0 0 0.0004 0.5014 0.4981 0 0.0001 0 0 0 0 0 0 0 0 
0 0.0001 0 0.0002 0.0065 0.7768 0.2149 0 0.0012 0.0002 0 0 0 0 0 0 0 
0 0 0 0 0.0004 0.5163 0.4831 0 0.0001 0 0 0 0 0 0 0 0 
0 0 0 0.0001 0.0042 0.7389 0.2555 0 0.001 0.0002 0 0 0 0 0 0 0 
0 0 0 0 0.0006 0.5234 0.4758 0 0.0001 0 0 0 0 0 0 0 0 
0 0 0 0 0.0013 0.1806 0.8176 0 0.0003 0.0001 0 0 0 0 0 0 0 
0 0 0 0.0001 0.004 0.3984 0.5964 0 0.0009 0.0002 0 0 0 0 0 0 0 
0 0 0 0 0.0012 0.2041 0.7943 0 0.0003 0.0001 0 0 0 0 0 0 0 
0 0 0 0 0.0024 0.2523 0.7444 0 0.0007 0.0001 0 0 0 0 0 0 0 
0 0 0 0 0.0007 0.3396 0.6595 0 0.0002 0 0 0 0 0 0 0 0 
0 0 0 0 0.0006 0.5163 0.4828 0 0.0002 0 0 0 0 0 0 0 0 
0 0 0 0 0.0018 0.6079 0.3896 0 0.0006 0.0001 0 0 0 0 0 0 0 
0 0 0 0 0.0007 0.5285 0.4705 0 0.0002 0 0 0 0 0 0 0 0 
0 0 0 0.0001 0.003 0.6434 0.3524 0 0.0008 0.0002 0 0 0 0 0 0 0 
0 0 0 0 0.0004 0.1497 0.8498 0 0.0001 0 0 0 0 0 0 0 0 
0 0 0 0 0.0005 0.1322 0.8671 0 0.0001 0 0 0 0 0 0 0 0 
0 0 0 0 0.0003 0.1961 0.8035 0 0.0001 0 0 0 0 0 0 0 0 
0 0 0 0 0.0002 0.2673 0.7324 0 0 0 0 0 0 0 0 0 0 
0 0 0 0 0.0002 0.3433 0.6564 0 0 0 0 0 0 0 0 0 0 
0 0 0 0 0.0001 0.4208 0.5791 0 0 0 0 0 0 0 0 0 0 
0 0 0 0 0.0001 0.4648 0.5351 0 0 0 0 0 0 0 0 0 0 
0 0 0 0 0.0001 0.4872 0.5126 0 0 0 0 0 0 0 0 0 0 
0 0 0 0 0.0002 0.4978 0.5019 0 0 0 0 0 0 0 0 0 0 
0 0 0 0 0.0007 0.1433 0.8558 0 0.0002 0 0 0 0 0 0 0 0 
0 0 0 0 0.0008 0.1822 0.8168 0 0.0002 0 0 0 0 0 0 0 0 
0 0 0 0 0.0004 0.2094 0.79 0 0.0001 0 0 0 0 0 0 0 0 
0 0 0 0 0.0004 0.4847 0.5147 0 0.0001 0 0 0 0 0 0 0 0 
0 0 0 0 0.0005 0.5003 0.499 0 0.0001 0 0 0 0 0 0 0 0 
0 0 0 0 0.0003 0.5038 0.4958 0 0.0001 0 0 0 0 0 0 0 0 
0 0 0 0 0.0003 0.1804 0.8193 0 0.0001 0 0 0 0 0 0 0 0 
0 0 0 0 0.0004 0.155 0.8445 0 0.0001 0 0 0 0 0 0 0 0 
0 0 0 0 0.0002 0.2273 0.7724 0 0 0 0 0 0 0 0 0 0 
0 0 0 0 0.0002 0.2736 0.7262 0 0 0 0 0 0 0 0 0 0 
0 0 0 0 0.0001 0.4022 0.5977 0 0 0 0 0 0 0 0 0 0 
0 0 0 0 0.0001 0.4431 0.5568 0 0 0 0 0 0 0 0 0 0 
0 0 0 0 0.0001 0.4688 0.531 0 0 0 0 0 0 0 0 0 0 
0 0 0 0 0.0001 0.4823 0.5175 0 0 0 0 0 0 0 0 0 0 
0 0 0 0 0.0004 0.1608 0.8386 0 0.0001 0 0 0 0 0 0 0 0 
0 0 0 0 0.0005 0.1865 0.8129 0 0.0001 0 0 0 0 0 0 0 0 
0 0 0 0 0.0004 0.4773 0.5222 0 0.0001 0 0 0 0 0 0 0 0 
0 0 0 0 0.0002 0.4851 0.5146 0 0.0001 0 0 0 0 0 0 0 0 
0.0005 0.0014 0 0.0023 0.2333 0.7164 0.0064 0.0009 0.0322 0.0057 0 0.0001 0.0003 0 0.0001 0.0001 0 
0.0005 0.0012 0 0.0028 0.2732 0.6975 0.0047 0.0007 0.0161 0.0025 0 0.0001 0.0005 0 0.0001 0.0001 0 
0.0005 0.0016 0 0.0019 0.1883 0.7299 0.0083 0.0012 0.0562 0.0113 0 0.0001 0.0003 0 0.0001 0.0002 0 
0.0005 0.0016 0 0.0017 0.1428 0.7402 0.009 0.0014 0.0832 0.0188 0.0001 0.0001 0.0002 0 0.0001 0.0002 0 
0.0006 0.0019 0.0001 0.0018 0.1267 0.7247 0.0073 0.0016 0.1078 0.0265 0.0001 0.0001 0.0003 0 0.0001 0.0002 0 
0.0008 0.0023 0.0001 0.0025 0.1468 0.7215 0.009 0.0019 0.0932 0.0208 0.0001 0.0002 0.0004 0 0.0002 0.0003 0 
0.001 0.0029 0.0001 0.0038 0.1953 0.6947 0.0094 0.0022 0.0744 0.0147 0.0001 0.0002 0.0006 0 0.0002 0.0003 0 
0.0011 0.0032 0.0001 0.0054 0.2468 0.6677 0.0088 0.0022 0.0534 0.0094 0 0.0003 0.0009 0 0.0003 0.0003 0 
0.0012 0.0032 0.0001 0.0072 0.2889 0.6473 0.0077 0.0019 0.0348 0.0054 0 0.0004 0.0012 0.0001 0.0003 0.0003 0 
0.0004 0.001 0 0.0037 0.2867 0.6932 0.004 0.0005 0.0083 0.0011 0 0.0002 0.0007 0 0.0001 0.0001 0 
0.0006 0.0013 0.0001 0.0067 0.2919 0.6866 0.003 0.0006 0.0066 0.0008 0 0.0003 0.0013 0.0001 0.0001 0.0001 0 
0.0012 0.0026 0.0001 0.0112 0.3097 0.6493 0.0048 0.0013 0.0148 0.0019 0 0.0005 0.002 0.0001 0.0002 0.0002 0 
0.0012 0.0028 0.0001 0.0087 0.2994 0.6521 0.0068 0.0016 0.0218 0.0031 0 0.0004 0.0015 0.0001 0.0002 0.0003 0 
0.0019 0.0058 0.0002 0.0028 0.0746 0.0299 0.0003 0.0073 0.7297 0.145 0.0004 0.0003 0.0004 0 0.0004 0.0009 0 
0.0002 0.0007 0 0.0004 0.0133 0.0074 0.0001 0.0011 0.1722 0.8007 0.0036 0 0.0001 0 0.0001 0.0001 0 
0.0003 0.0009 0 0.0004 0.0109 0.0048 0.0001 0.0018 0.3127 0.6655 0.0021 0.0001 0.0001 0 0.0001 0.0002 0 
0.0019 0.0053 0.0002 0.0022 0.0412 0.0135 0.0001 0.009 0.7713 0.1526 0.0004 0.0003 0.0003 0 0.0004 0.0011 0 
0.0002 0.0005 0 0.0003 0.0142 0.0102 0.0001 0.0007 0.1066 0.8616 0.0055 0 0 0 0 0.0001 0 
0.0014 0.0043 0.0001 0.0028 0.1531 0.1023 0.0011 0.0045 0.585 0.1431 0.0007 0.0003 0.0004 0 0.0003 0.0006 0 
0.0001 0.0003 0 0.0002 0.0089 0.007 0.0001 0.0004 0.0497 0.9287 0.0046 0 0 0 0 0 0 
0.0001 0.0002 0 0.0001 0.0043 0.003 0 0.0003 0.0287 0.9589 0.0045 0 0 0 0 0 0 
0.0017 0.0049 0.0001 0.0036 0.1494 0.1092 0.0012 0.0062 0.5722 0.1487 0.0005 0.0003 0.0006 0 0.0005 0.0008 0 
0.0001 0.0003 0 0.0002 0.0094 0.0075 0.0001 0.0005 0.0467 0.9316 0.0034 0 0 0 0 0.0001 0 
0.0003 0.0007 0 0.0004 0.0157 0.0117 0.0001 0.0012 0.0953 0.871 0.0032 0 0.0001 0 0.0001 0.0002 0 
0.0027 0.007 0.0002 0.0043 0.0853 0.0404 0.0005 0.0123 0.6917 0.1515 0.0004 0.0004 0.0007 0 0.0008 0.0016 0 
0.0004 0.0011 0 0.0007 0.017 0.0102 0.0001 0.0024 0.1508 0.8143 0.0023 0.0001 0.0001 0 0.0001 0.0003 0 
0.0029 0.0071 0.0002 0.0039 0.0532 0.021 0.0002 0.0156 0.7289 0.1625 0.0004 0.0004 0.0006 0 0.001 0.002 0.0001 
0.0007 0.0018 0.0001 0.001 0.0176 0.0087 0.0001 0.0044 0.2613 0.7015 0.0018 0.0001 0.0002 0 0.0003 0.0006 0 
0.0003 0.0008 0 0.0003 0.0057 0.0021 0 0.0024 0.5231 0.4639 0.0009 0.0001 0.0001 0 0.0001 0.0003 0 
0.0018 0.0043 0.0002 0.0016 0.0199 0.0053 0.0001 0.0118 0.8047 0.1476 0.0004 0.0003 0.0003 0 0.0004 0.0014 0 
0.0007 0.0013 0.0001 0.0005 0.0059 0.0018 0 0.0061 0.7339 0.2478 0.0007 0.0001 0.0001 0 0.0002 0.0007 0 
0.0018 0.0034 0.0002 0.0012 0.011 0.0026 0 0.0156 0.8405 0.1206 0.0003 0.0002 0.0002 0 0.0005 0.0019 0.0001 
0.001 0.0017 0.0001 0.0006 0.0055 0.0015 0 0.0106 0.8501 0.1268 0.0003 0.0001 0.0001 0 0.0003 0.0013 0 
0.0014 0.0021 0.0001 0.0008 0.0059 0.0016 0 0.016 0.8963 0.0729 0 0.0002 0.0002 0 0.0005 0.002 0.0001 
0.0013 0.0023 0.0001 0.001 0.0079 0.0025 0 0.0134 0.8399 0.1287 0.0004 0.0002 0.0002 0 0.0005 0.0016 0 
0.0012 0.0024 0.0001 0.0011 0.0109 0.0039 0 0.0104 0.7105 0.2563 0.0009 0.0002 0.0002 0 0.0005 0.0013 0 
0.0026 0.0048 0.0002 0.0021 0.016 0.0047 0.0001 0.0216 0.817 0.126 0.0004 0.0003 0.0004 0 0.001 0.0026 0.0001 
0.0011 0.0023 0.0001 0.0011 0.0151 0.0063 0.0001 0.0073 0.4318 0.5319 0.0014 0.0001 0.0002 0 0.0004 0.0009 0 
0.0029 0.0064 0.0002 0.003 0.0286 0.0095 0.0001 0.019 0.7693 0.1562 0.0005 0.0004 0.0005 0 0.001 0.0023 0.0001 
0 0.0001 0 0.0001 0.0028 0.0019 0 0.0002 0.0265 0.9475 0.0208 0 0 0 0 0 0 
0 0 0 0 0.0005 0.0003 0 0 0.0061 0.8686 0.1244 0 0 0 0 0 0 
0 0.0001 0 0.0001 0.0019 0.0012 0 0.0002 0.0259 0.94 0.0306 0 0 0 0 0 0 
0 0 0 0 0.0005 0.0003 0 0.0001 0.0088 0.8662 0.124 0 0 0 0 0 0 
0 0.0001 0 0.0001 0.0038 0.0028 0 0.0002 0.0283 0.9517 0.0128 0 0 0 0 0 0 
0 0 0 0 0.0005 0.0003 0 0 0.0045 0.8905 0.1041 0 0 0 0 0 0 
0.0001 0.0001 0 0.0001 0.0042 0.0031 0 0.0002 0.0274 0.9564 0.0083 0 0 0 0 0 0 
0 0 0 0 0.0002 0.0002 0 0 0.0019 0.9 0.0977 0 0 0 0 0 0 
0 0 0 0 0.0004 0.0003 0 0 0.0028 0.9495 0.0469 0 0 0 0 0 0 
0.0001 0.0002 0 0.0001 0.0044 0.0033 0 0.0003 0.026 0.9596 0.0059 0 0 0 0 0 0 
0 0 0 0 0.0002 0.0001 0 0 0.0015 0.9433 0.0549 0 0 0 0 0 0 
0.0001 0.0002 0 0.0001 0.0042 0.0031 0 0.0003 0.026 0.9602 0.0057 0 0 0 0 0 0 
0 0 0 0 0.0004 0.0003 0 0 0.0034 0.9541 0.0416 0 0 0 0 0 0 
0.0001 0.0002 0 0.0001 0.0031 0.0022 0 0.0003 0.0235 0.9626 0.0078 0 0 0 0 0 0 
0 0 0 0 0.0005 0.0003 0 0.0001 0.0044 0.9563 0.0384 0 0 0 0 0 0 
0.0001 0.0001 0 0.0001 0.0022 0.0014 0 0.0003 0.0218 0.9629 0.011 0 0 0 0 0 0 
0 0 0 0 0.0005 0.0003 0 0.0001 0.0065 0.9553 0.0372 0 0 0 0 0 0 
0 0 0 0 0.0006 0.0003 0 0.0001 0.0125 0.8835 0.1029 0 0 0 0 0 0 
0 0.0001 0 0 0.0013 0.0008 0 0.0002 0.0276 0.9305 0.0395 0 0 0 0 0 0 
0 0 0 0 0.0006 0.0003 0 0.0001 0.0163 0.8965 0.086 0 0 0 0 0 0 
0 0.0001 0 0 0.001 0.0005 0 0.0002 0.0293 0.9245 0.0443 0 0 0 0 0 0 
0 0.0001 0 0 0.0007 0.0004 0 0.0002 0.0215 0.9349 0.0422 0 0 0 0 0 0 
0 0.0001 0 0 0.0007 0.0004 0 0.0002 0.0223 0.9409 0.0354 0 0 0 0 0 0 
0 0.0001 0 0 0.0008 0.0004 0 0.0002 0.0191 0.9534 0.026 0 0 0 0 0 0 
0 0.0001 0 0 0.0006 0.0004 0 0.0001 0.0134 0.9495 0.0358 0 0 0 0 0 0 
0 0.0001 0 0.0001 0.0012 0.0007 0 0.0003 0.0234 0.9538 0.0204 0 0 0 0 0 0 
0 0 0 0 0.0006 0.0003 0 0.0001 0.0097 0.9543 0.0348 0 0 0 0 0 0 
0.0001 0.0001 0 0.0001 0.0016 0.0009 0 0.0003 0.0219 0.9598 0.0152 0 0 0 0 0 0 
0 0 0 0 0.0001 0.0001 0 0 0.0017 0.5244 0.4736 0 0 0 0 0 0 
0 0 0 0 0 0 0 0 0.0003 0.2202 0.7794 0 0 0 0 0 0 
0 0 0 0 0.0001 0.0001 0 0 0.0012 0.2994 0.6993 0 0 0 0 0 0 
0 0 0 0 0 0 0 0 0.0004 0.2034 0.7962 0 0 0 0 0 0 
0 0 0 0 0.0002 0.0001 0 0 0.0017 0.7666 0.2314 0 0 0 0 0 0 
0 0 0 0 0 0 0 0 0.0003 0.263 0.7367 0 0 0 0 0 0 
0 0 0 0 0.0001 0.0001 0 0 0.0011 0.8844 0.1143 0 0 0 0 0 0 
0 0 0 0 0 0 0 0 0.0001 0.4874 0.5125 0 0 0 0 0 0 
0 0 0 0 0.0001 0.0001 0 0 0.0011 0.8143 0.1845 0 0 0 0 0 0 
0 0 0 0 0 0 0 0 0.0001 0.5086 0.4913 0 0 0 0 0 0 
0 0 0 0 0.0001 0 0 0 0.0007 0.7689 0.2302 0 0 0 0 0 0 
0 0 0 0 0 0 0 0 0.0001 0.5174 0.4825 0 0 0 0 0 0 
0 0 0 0 0 0 0 0 0.0004 0.2333 0.7662 0 0 0 0 0 0 
0 0 0 0 0.0001 0 0 0 0.001 0.277 0.7219 0 0 0 0 0 0 
0 0 0 0 0 0 0 0 0.0004 0.239 0.7605 0 0 0 0 0 0 
0 0 0 0 0 0 0 0 0.0006 0.2412 0.7581 0 0 0 0 0 0 
0 0 0 0 0 0 0 0 0.0004 0.2771 0.7225 0 0 0 0 0 0 
0 0 0 0 0 0 0 0 0.0003 0.3798 0.6198 0 0 0 0 0 0 
0 0 0 0 0 0 0 0 0.0002 0.4786 0.5212 0 0 0 0 0 0 
0 0 0 0 0 0 0 0 0.0002 0.497 0.5028 0 0 0 0 0 0 
0 0 0 0 0 0 0 0 0.0003 0.5396 0.4601 0 0 0 0 0 0 
0 0 0 0 0 0 0 0 0.0002 0.5164 0.4833 0 0 0 0 0 0 
0 0 0 0 0 0 0 0 0.0005 0.6394 0.36 0 0 0 0 0 0 
0 0 0 0 0.0002 0.0001 0 0 0.0026 0.4254 0.5717 0 0 0 0 0 0 
0 0 0 0 0.0002 0.0001 0 0 0.0026 0.4943 0.5028 0 0 0 0 0 0 
0 0 0 0 0.0001 0.0001 0 0 0.0021 0.3557 0.642 0 0 0 0 0 0 
0 0 0 0 0.0001 0 0 0 0.0017 0.432 0.5662 0 0 0 0 0 0 
0 0 0 0 0.0001 0 0 0 0.0015 0.6625 0.3359 0 0 0 0 0 0 
0 0 0 0 0.0001 0 0 0 0.0013 0.7541 0.2444 0 0 0 0 0 0 
0 0 0 0 0.0001 0.0001 0 0 0.0015 0.8073 0.1911 0 0 0 0 0 0 
0 0 0 0 0.0001 0.0001 0 0 0.0018 0.8268 0.1712 0 0 0 0 0 0 
0 0 0 0 0.0001 0.0001 0 0 0.0016 0.8758 0.1222 0 0 0 0 0 0 
0 0 0 0 0.0002 0.0002 0 0 0.0026 0.7191 0.2779 0 0 0 0 0 0 
0 0 0 0 0.0002 0.0002 0 0 0.0023 0.8223 0.1749 0 0 0 0 0 0 
0 0 0 0 0.0002 0.0001 0 0 0.0016 0.9178 0.0801 0 0 0 0 0 0 
0 0 0 0 0.0002 0.0001 0 0 0.0017 0.9034 0.0945 0 0 0 0 0 0 
0.0001 0.0002 0 0.0001 0.0035 0.0019 0 0.0004 0.0706 0.9109 0.012 0 0 0 0 0.0001 0 
0.0001 0.0002 0 0.0001 0.0046 0.0028 0 0.0003 0.0545 0.9264 0.0108 0 0 0 0 0 0 
0.0001 0.0003 0 0.0001 0.0031 0.0015 0 0.0006 0.1131 0.8668 0.0142 0 0 0 0 0.0001 0 
0.0001 0.0003 0 0.0001 0.0028 0.0013 0 0.0008 0.1175 0.8635 0.0134 0 0 0 0 0.0001 0 
0.0001 0.0003 0 0.0001 0.0025 0.0011 0 0.0008 0.096 0.8886 0.0101 0 0 0 0 0.0001 0 
0.0002 0.0004 0 0.0002 0.0034 0.0017 0 0.0011 0.1012 0.8814 0.0102 0 0 0 0.0001 0.0001 0 
0.0002 0.0004 0 0.0002 0.0043 0.0022 0 0.0011 0.0852 0.8971 0.0089 0 0 0 0.0001 0.0001 0 
0.0002 0.0004 0 0.0002 0.0046 0.0026 0 0.0008 0.0595 0.9252 0.0063 0 0 0 0 0.0001 0 
0.0001 0.0003 0 0.0002 0.0055 0.0035 0 0.0007 0.0487 0.9356 0.005 0 0 0 0 0.0001 0 
0.0001 0.0002 0 0.0001 0.0061 0.0042 0 0.0003 0.0514 0.9273 0.0101 0 0 0 0 0 0 
0.0001 0.0002 0 0.0001 0.0059 0.0044 0 0.0003 0.0417 0.938 0.0092 0 0 0 0 0 0 
0.0001 0.0003 0 0.0002 0.0064 0.0049 0.0001 0.0005 0.0381 0.9448 0.0046 0 0 0 0 0.0001 0 
0.0001 0.0003 0 0.0002 0.0068 0.0049 0.0001 0.0006 0.0463 0.9359 0.0046 0 0 0 0 0.0001 0 
0.0049 0.0108 0.0004 0.0036 0.0297 0.0051 0 0.0323 0.8569 0.0498 0.0001 0.0007 0.0006 0 0.0011 0.0038 0.0001 
0.0045 0.0124 0.0004 0.0048 0.057 0.0119 0.0001 0.0212 0.8131 0.0695 0.0002 0.0007 0.0007 0 0.0009 0.0025 0.0001 
0.0044 0.0069 0.0004 0.0022 0.0139 0.0023 0 0.0445 0.8823 0.0354 0.0001 0.0005 0.0004 0 0.0013 0.0053 0.0001 
0.0035 0.0045 0.0003 0.0014 0.008 0.0014 0 0.0487 0.8966 0.0271 0 0.0004 0.0003 0 0.0014 0.0062 0.0002 
0.0041 0.004 0.0004 0.0014 0.0064 0.0011 0 0.0722 0.8726 0.0184 0 0.0005 0.0003 0 0.0026 0.0153 0.0005 
0.004 0.0051 0.0003 0.0019 0.0098 0.002 0 0.0536 0.8854 0.0291 0.0001 0.0005 0.0004 0 0.0017 0.0058 0.0002 
0.0055 0.0086 0.0004 0.0034 0.0183 0.0039 0 0.0515 0.8578 0.0406 0.0001 0.0007 0.0007 0 0.0023 0.0061 0.0002 
0.0066 0.0146 0.0005 0.006 0.0383 0.0088 0.0001 0.0427 0.814 0.0583 0.0002 0.0009 0.0011 0 0.0024 0.0053 0.0001 
0.0057 0.0139 0.0004 0.0071 0.0664 0.0182 0.0002 0.0302 0.7707 0.0791 0.0002 0.0008 0.0012 0 0.0019 0.0038 0.0001 
0.0038 0.0115 0.0003 0.0053 0.1069 0.0304 0.0003 0.0134 0.7349 0.0891 0.0003 0.0007 0.0008 0 0.0007 0.0016 0 
0.0019 0.0058 0.0002 0.0032 0.1256 0.0612 0.0007 0.0061 0.6823 0.1108 0.0004 0.0003 0.0005 0 0.0003 0.0008 0 
0.0024 0.0066 0.0002 0.0045 0.1298 0.0741 0.0009 0.0095 0.652 0.1166 0.0003 0.0004 0.0007 0 0.0007 0.0012 0 
0.0044 0.0117 0.0003 0.0072 0.1101 0.0395 0.0005 0.0196 0.7034 0.0973 0.0003 0.0007 0.0011 0 0.0014 0.0025 0.0001 
0.0286 0.0391 0.0023 0.0105 0.0412 0.0035 0 0.2122 0.6192 0.0078 0 0.0031 0.0023 0.0001 0.0067 0.023 0.0006 
0.0214 0.054 0.0018 0.0172 0.0999 0.0099 0.0001 0.1049 0.6518 0.0167 0 0.0031 0.0029 0.0001 0.0041 0.0119 0.0003 
0.0174 0.0155 0.0019 0.0039 0.0121 0.0009 0 0.3807 0.5105 0.003 0 0.0019 0.0011 0 0.008 0.0419 0.0012 
0.0174 0.0118 0.0018 0.0047 0.0136 0.0015 0 0.3683 0.5056 0.0043 0 0.0019 0.0014 0 0.0135 0.0525 0.0015 
0.0268 0.0313 0.0022 0.0118 0.0395 0.0047 0.0001 0.2477 0.575 0.01 0 0.003 0.0028 0.0001 0.0124 0.0318 0.0008 
0.0276 0.0638 0.0021 0.0231 0.0963 0.0133 0.0002 0.1537 0.5596 0.0223 0.0001 0.0037 0.0044 0.0001 0.0097 0.0195 0.0005 
0.0125 0.0391 0.0011 0.0154 0.1641 0.0236 0.0002 0.0427 0.6534 0.0359 0.0001 0.0021 0.0023 0.0001 0.0021 0.0052 0.0001 
0.005 0.0162 0.0004 0.0084 0.2037 0.0529 0.0005 0.0148 0.6277 0.0654 0.0002 0.0009 0.0012 0 0.0008 0.0018 0 
0.0019 0.006 0.0002 0.004 0.2457 0.1172 0.0013 0.0056 0.5201 0.0956 0.0004 0.0004 0.0006 0 0.0003 0.0007 0 
0.0026 0.0076 0.0002 0.0059 0.2203 0.1219 0.0014 0.0089 0.5304 0.097 0.0003 0.0005 0.0009 0 0.0007 0.0012 0 
0.007 0.0193 0.0006 0.0125 0.1861 0.0544 0.0006 0.028 0.6199 0.0623 0.0002 0.0012 0.002 0.0001 0.0021 0.0037 0.0001 
0.0158 0.0405 0.0012 0.0209 0.1521 0.0266 0.0003 0.0738 0.6126 0.0352 0.0001 0.0024 0.0035 0.0001 0.0051 0.0095 0.0002 
0.2935 0.0987 0.0298 0.026 0.0417 0.001 0 0.1271 0.1603 0.0009 0 0.0282 0.0129 0.0004 0.0804 0.0975 0.0016 
0.3267 0.0974 0.0371 0.0668 0.098 0.0019 0 0.0715 0.1006 0.0009 0 0.0731 0.0366 0.001 0.0458 0.042 0.0007 
0.1102 0.0446 0.0187 0.0109 0.0189 0.0006 0 0.2092 0.2451 0.0008 0 0.013 0.0054 0.0001 0.087 0.231 0.0044 
0.0113 0.0048 0.0022 0.0016 0.0035 0.0002 0 0.1304 0.154 0.0005 0 0.0014 0.0007 0 0.0197 0.6424 0.0272 
0.083 0.0165 0.0134 0.0098 0.0176 0.0009 0 0.2186 0.2538 0.0011 0 0.01 0.0053 0.0001 0.1395 0.226 0.0044 
0.2452 0.0354 0.0225 0.0241 0.0392 0.0015 0 0.16 0.1937 0.0013 0 0.0231 0.0132 0.0003 0.1263 0.1124 0.0018 
0.3328 0.0684 0.0312 0.0605 0.0899 0.0025 0 0.0813 0.109 0.0013 0 0.0503 0.0345 0.0009 0.0883 0.0484 0.0007 
0.0088 0.003 0.0036 0.0009 0.0015 0.0001 0 0.0292 0.0341 0.0001 0 0.0016 0.0005 0 0.0387 0.8391 0.0388 
0.0054 0.0018 0.0025 0.0005 0.0009 0 0 0.0179 0.0209 0.0001 0 0.001 0.0003 0 0.0305 0.8614 0.0567 
0.0053 0.0017 0.0032 0.0005 0.0009 0 0 0.0134 0.0157 0.0001 0 0.0011 0.0004 0 0.0484 0.8614 0.0478 
0.0039 0.0012 0.0024 0.0004 0.0006 0 0 0.0102 0.0119 0 0 0.0008 0.0003 0 0.0381 0.8666 0.0636 
0.0118 0.0045 0.0035 0.0012 0.0024 0.0001 0 0.057 0.0666 0.0002 0 0.0018 0.0007 0 0.0295 0.7889 0.0317 
0.0072 0.0027 0.0024 0.0008 0.0014 0.0001 0 0.0335 0.0392 0.0001 0 0.0012 0.0004 0 0.0226 0.8395 0.0488 
0.0053 0.0021 0.0011 0.0007 0.0015 0.0001 0 0.0535 0.063 0.0002 0 0.0007 0.0003 0 0.0107 0.8205 0.0401 
0.0091 0.0023 0.0024 0.0011 0.0022 0.0001 0 0.0539 0.0628 0.0002 0 0.0013 0.0006 0 0.0323 0.8005 0.031 
0.0063 0.0013 0.0024 0.0007 0.0014 0.0001 0 0.0259 0.0301 0.0001 0 0.0011 0.0005 0 0.0403 0.8531 0.0367 
0.0039 0.0008 0.0017 0.0004 0.0008 0 0 0.0157 0.0183 0.0001 0 0.0007 0.0003 0 0.0308 0.8724 0.054 
0.0038 0.0007 0.0023 0.0004 0.0007 0 0 0.0114 0.0133 0.0001 0 0.0008 0.0003 0 0.0489 0.8729 0.0445 
0.0027 0.0005 0.0017 0.0003 0.0005 0 0 0.0086 0.01 0 0 0.0005 0.0002 0 0.038 0.8768 0.06 
0.0031 0.0009 0.0025 0.0003 0.0005 0 0 0.0068 0.008 0 0 0.0007 0.0002 0 0.0482 0.8672 0.0615 
0.002 0.0006 0.0023 0.0002 0.0003 0 0 0.004 0.0047 0 0 0.0005 0.0002 0 0.0517 0.8544 0.079 
0.0016 0.0004 0.0022 0.0001 0.0003 0 0 0.0031 0.0036 0 0 0.0004 0.0001 0 0.0539 0.8346 0.0996 
0.0014 0.0003 0.0023 0.0001 0.0002 0 0 0.0027 0.0031 0 0 0.0004 0.0001 0 0.0593 0.8483 0.0816 
0.0014 0.0003 0.002 0.0001 0.0002 0 0 0.0028 0.0033 0 0 0.0004 0.0001 0 0.0536 0.8372 0.0985 
0.0015 0.0003 0.0019 0.0002 0.0003 0 0 0.0034 0.004 0 0 0.0004 0.0001 0 0.0512 0.8597 0.0769 
0.0022 0.0004 0.0019 0.0002 0.0004 0 0 0.0057 0.0066 0 0 0.0005 0.0002 0 0.0477 0.8757 0.0585 
0.0023 0.0009 0.0008 0.0003 0.0005 0 0 0.0124 0.0145 0 0 0.0004 0.0001 0 0.0092 0.8233 0.1354 
0.0002 0.0001 0.0001 0 0.0001 0 0 0.0013 0.0016 0 0 0 0 0 0.0011 0.1408 0.8546 
0.0002 0.0001 0.0001 0 0 0 0 0.0011 0.0013 0 0 0 0 0 0.0014 0.2194 0.7762 
0.0013 0.0005 0.0006 0.0001 0.0003 0 0 0.0061 0.0071 0 0 0.0002 0.0001 0 0.008 0.77 0.2057 
0.0037 0.0014 0.0011 0.0004 0.0008 0 0 0.0228 0.0267 0.0001 0 0.0005 0.0002 0 0.01 0.8414 0.0908 
0.0002 0.0001 0.0001 0 0.0001 0 0 0.0014 0.0016 0 0 0 0 0 0.0008 0.0894 0.9062 
0.0001 0.0001 0 0 0 0 0 0.0013 0.0016 0 0 0 0 0 0.0004 0.0416 0.9547 
0.003 0.0009 0.0008 0.0004 0.0008 0 0 0.0216 0.0253 0.0001 0 0.0004 0.0002 0 0.0107 0.8579 0.0778 
0.0002 0.0001 0.0001 0 0.0001 0 0 0.0014 0.0017 0 0 0 0 0 0.0008 0.0909 0.9047 
0.0019 0.0005 0.0006 0.0002 0.0005 0 0 0.0116 0.0136 0 0 0.0003 0.0001 0 0.0094 0.8319 0.1294 
0.0002 0.0001 0.0001 0 0 0 0 0.0013 0.0015 0 0 0 0 0 0.0011 0.1445 0.8511 
0.001 0.0003 0.0004 0.0001 0.0002 0 0 0.0055 0.0064 0 0 0.0002 0.0001 0 0.0079 0.7721 0.2058 
0.0002 0 0.0001 0 0 0 0 0.0011 0.0013 0 0 0 0 0 0.0014 0.2234 0.7725 
0.0002 0.0001 0.0001 0 0 0 0 0.0008 0.0009 0 0 0 0 0 0.0015 0.3238 0.6726 
0.0007 0.0002 0.0004 0.0001 0.0001 0 0 0.0026 0.0031 0 0 0.0001 0 0 0.0062 0.6997 0.2867 
0.0001 0 0.0001 0 0 0 0 0.0004 0.0005 0 0 0 0 0 0.0014 0.4748 0.5226 
0.0004 0.0001 0.0003 0 0.0001 0 0 0.0012 0.0014 0 0 0.0001 0 0 0.0049 0.6356 0.3559 
0.0002 0 0.0001 0 0 0 0 0.0006 0.0006 0 0 0 0 0 0.0028 0.5311 0.4645 
0.0001 0 0.0001 0 0 0 0 0.0004 0.0004 0 0 0 0 0 0.0024 0.5283 0.4682 
0.0001 0 0.0001 0 0 0 0 0.0005 0.0006 0 0 0 0 0 0.0025 0.5198 0.4764 
0.0001 0 0.0001 0 0 0 0 0.0004 0.0005 0 0 0 0 0 0.0014 0.4773 0.5202 
0.0003 0.0001 0.0002 0 0.0001 0 0 0.0011 0.0013 0 0 0.0001 0 0 0.0052 0.6411 0.3505 
0.0001 0 0.0001 0 0 0 0 0.0007 0.0009 0 0 0 0 0 0.0016 0.3296 0.6669 
0.0005 0.0001 0.0003 0.0001 0.0001 0 0 0.0024 0.0028 0 0 0.0001 0 0 0.0063 0.7039 0.2835 
0.0001 0 0 0 0 0 0 0.0004 0.0005 0 0 0 0 0 0.0003 0.0399 0.9586 
0 0 0 0 0 0 0 0.0001 0.0001 0 0 0 0 0 0.0001 0.0118 0.988 
0.0001 0 0 0 0 0 0 0.0003 0.0004 0 0 0 0 0 0.0003 0.0444 0.9544 
0 0 0 0 0 0 0 0.0001 0.0001 0 0 0 0 0 0.0001 0.0202 0.9795 
0.0001 0 0 0 0 0 0 0.0005 0.0006 0 0 0 0 0 0.0003 0.0345 0.9639 
0 0 0 0 0 0 0 0.0001 0.0001 0 0 0 0 0 0 0.0067 0.9931 
0.0001 0 0 0 0 0 0 0.0007 0.0009 0 0 0 0 0 0.0003 0.0371 0.9607 
0 0 0 0 0 0 0 0.0001 0.0001 0 0 0 0 0 0 0.0042 0.9956 
0.0001 0 0 0 0 0 0 0.0007 0.0009 0 0 0 0 0 0.0003 0.0381 0.9598 
0.0001 0 0 0 0 0 0 0.0005 0.0006 0 0 0 0 0 0.0003 0.0359 0.9624 
0 0 0 0 0 0 0 0.0001 0.0001 0 0 0 0 0 0.0001 0.0072 0.9925 
0.0001 0 0 0 0 0 0 0.0004 0.0005 0 0 0 0 0 0.0003 0.0421 0.9564 
0 0 0 0 0 0 0 0.0001 0.0001 0 0 0 0 0 0.0001 0.0127 0.987 
0 0 0 0 0 0 0 0.0003 0.0004 0 0 0 0 0 0.0003 0.0477 0.9512 
0 0 0 0 0 0 0 0.0001 0.0001 0 0 0 0 0 0.0001 0.0217 0.978 
0 0 0 0 0 0 0 0.0001 0.0001 0 0 0 0 0 0.0001 0.0323 0.9673 
0 0 0 0 0 0 0 0.0002 0.0002 0 0 0 0 0 0.0002 0.0459 0.9533 
0 0 0 0 0 0 0 0.0001 0.0001 0 0 0 0 0 0.0002 0.0411 0.9585 
0 0 0 0 0 0 0 0.0001 0.0001 0 0 0 0 0 0.0002 0.0407 0.9588 
0 0 0 0 0 0 0 0.0001 0.0001 0 0 0 0 0 0.0002 0.0608 0.9387 
0 0 0 0 0 0 0 0.0001 0.0001 0 0 0 0 0 0.0002 0.0416 0.958 
0 0 0 0 0 0 0 0.0001 0.0001 0 0 0 0 0 0.0001 0.0368 0.9628 
0 0 0 0 0 0 0 0.0001 0.0002 0 0 0 0 0 0.0002 0.0616 0.9378 
0 0 0 0 0 0 0 0.0001 0.0001 0 0 0 0 0 0.0001 0.0336 0.9659 
0 0 0 0 0 0 0 0.0002 0.0002 0 0 0 0 0 0.0003 0.0533 0.9459 
0 0 0 0 0 0 0 0 0 0 0 0 0 0 0 0.0027 0.9973 
0 0 0 0 0 0 0 0 0 0 0 0 0 0 0 0.0032 0.9967 
0 0 0 0 0 0 0 0 0 0 0 0 0 0 0 0.0025 0.9974 
0 0 0 0 0 0 0 0 0 0 0 0 0 0 0 0.0028 0.9971 
0 0 0 0 0 0 0 0 0 0 0 0 0 0 0 0.0029 0.9969 
0 0 0 0 0 0 0 0 0 0 0 0 0 0 0 0.0027 0.9972 
0 0 0 0 0 0 0 0 0 0 0 0 0 0 0 0.0029 0.997 
0 0 0 0 0 0 0 0 0 0 0 0 0 0 0 0.0034 0.9965 
0 0 0 0 0 0 0 0 0 0 0 0 0 0 0 0.003 0.9969 
0 0 0 0 0 0 0 0 0 0 0 0 0 0 0 0.0023 0.9977 
0 0 0 0 0 0 0 0 0 0 0 0 0 0 0 0.0017 0.9983 
0 0 0 0 0 0 0 0 0 0 0 0 0 0 0 0.0018 0.9982 
0 0 0 0 0 0 0 0 0 0 0 0 0 0 0 0.0024 0.9975 
0 0 0 0 0 0 0 0 0 0 0 0 0 0 0 0.0032 0.9968 
0 0 0 0 0 0 0 0 0 0 0 0 0 0 0 0.0054 0.9945 
0 0 0 0 0 0 0 0 0 0 0 0 0 0 0 0.0049 0.995 
0 0 0 0 0 0 0 0 0 0 0 0 0 0 0 0.0052 0.9947 
0 0 0 0 0 0 0 0 0 0 0 0 0 0 0 0.0044 0.9955 
0 0 0 0 0 0 0 0 0 0 0 0 0 0 0 0.0062 0.9937 
0 0 0 0 0 0 0 0 0 0 0 0 0 0 0 0.0052 0.9947 
0 0 0 0 0 0 0 0 0 0 0 0 0 0 0 0.0057 0.9943 
0 0 0 0 0 0 0 0 0 0 0 0 0 0 0 0.0058 0.9941 
0 0 0 0 0 0 0 0 0 0 0 0 0 0 0 0.0053 0.9946 
0 0 0 0 0 0 0 0 0 0 0 0 0 0 0 0.0042 0.9957 
0 0 0 0 0 0 0 0 0 0 0 0 0 0 0 0.0036 0.9963 
0 0 0 0 0 0 0 0 0 0 0 0 0 0 0 0.0039 0.996 
0 0 0 0 0 0 0 0 0 0 0 0 0 0 0 0.0046 0.9953 
0.0015 0.0005 0.001 0.0001 0.0003 0 0 0.0043 0.005 0 0 0.0003 0.0001 0 0.0188 0.8272 0.1409 
0.0023 0.0008 0.0012 0.0002 0.0004 0 0 0.0079 0.0093 0 0 0.0004 0.0001 0 0.0182 0.8485 0.1105 
0.001 0.0003 0.0009 0.0001 0.0002 0 0 0.0025 0.0029 0 0 0.0002 0.0001 0 0.0186 0.793 0.1804 
0.0008 0.0002 0.0008 0.0001 0.0001 0 0 0.0019 0.0022 0 0 0.0002 0.0001 0 0.0191 0.7402 0.2344 
0.0008 0.0002 0.0009 0.0001 0.0001 0 0 0.0018 0.0021 0 0 0.0002 0.0001 0 0.0227 0.7757 0.1953 
0.0007 0.0002 0.0008 0.0001 0.0001 0 0 0.0018 0.002 0 0 0.0002 0.0001 0 0.0189 0.7433 0.232 
0.0007 0.0002 0.0007 0.0001 0.0001 0 0 0.0022 0.0025 0 0 0.0002 0.0001 0 0.0184 0.7984 0.1764 
0.0011 0.0002 0.0008 0.0001 0.0002 0 0 0.0037 0.0043 0 0 0.0002 0.0001 0 0.0186 0.8337 0.137 
0.0017 0.0004 0.0009 0.0002 0.0004 0 0 0.0068 0.008 0 0 0.0003 0.0001 0 0.0181 0.8572 0.106 
0.0036 0.0013 0.0015 0.0004 0.0007 0 0 0.0151 0.0177 0.0001 0 0.0006 0.0002 0 0.0175 0.857 0.0843 
0.0054 0.002 0.0017 0.0006 0.0011 0.0001 0 0.0278 0.0325 0.0001 0 0.0008 0.0003 0 0.0163 0.849 0.0623 
0.0051 0.002 0.0013 0.0006 0.0012 0.0001 0 0.0357 0.0419 0.0001 0 0.0007 0.0003 0 0.0115 0.8573 0.0422 
0.0044 0.0014 0.001 0.0006 0.0012 0.0001 0 0.035 0.0411 0.0001 0 0.0006 0.0003 0 0.012 0.8585 0.0437 
0.0045 0.0012 0.0013 0.0006 0.0011 0.0001 0 0.0266 0.031 0.0001 0 0.0007 0.0003 0 0.0192 0.8586 0.0548 
0.0025 0.0006 0.001 0.0003 0.0006 0 0 0.0125 0.0146 0.0001 0 0.0004 0.0002 0 0.0171 0.8632 0.087 
0.0041 0.0012 0.0046 0.0004 0.0006 0 0 0.007 0.0083 0 0 0.0011 0.0003 0 0.0986 0.8407 0.0331 
0.0067 0.002 0.0049 0.0006 0.001 0 0 0.0132 0.0155 0.0001 0 0.0015 0.0005 0 0.0849 0.8382 0.0308 
0.0027 0.0007 0.0043 0.0002 0.0004 0 0 0.0043 0.0051 0 0 0.0008 0.0002 0 0.1034 0.842 0.0357 
0.002 0.0005 0.0041 0.0002 0.0003 0 0 0.0031 0.0036 0 0 0.0006 0.0002 0 0.1036 0.8438 0.038 
0.0017 0.0004 0.0044 0.0002 0.0003 0 0 0.0026 0.003 0 0 0.0006 0.0002 0 0.117 0.8388 0.031 
0.0017 0.0003 0.0037 0.0002 0.0003 0 0 0.0028 0.0032 0 0 0.0005 0.0002 0 0.1033 0.8465 0.0374 
0.002 0.0003 0.0036 0.0002 0.0003 0 0 0.0036 0.0042 0 0 0.0006 0.0002 0 0.103 0.8475 0.0345 
0.0029 0.0005 0.0036 0.0003 0.0005 0 0 0.0057 0.0066 0 0 0.0008 0.0003 0 0.0984 0.8492 0.0313 
0.0047 0.0008 0.0036 0.0005 0.0009 0 0 0.0109 0.0127 0.0001 0 0.001 0.0004 0 0.0857 0.8503 0.0285 
0.0099 0.0032 0.0051 0.0009 0.0016 0.0001 0 0.0251 0.0293 0.0001 0 0.002 0.0006 0 0.0644 0.8279 0.0299 
0.0166 0.0059 0.0058 0.0016 0.0029 0.0001 0 0.0559 0.0654 0.0002 0 0.0028 0.001 0 0.0498 0.7684 0.0234 
0.0124 0.0026 0.004 0.0014 0.0027 0.0001 0 0.0509 0.0591 0.0002 0 0.002 0.0009 0 0.0572 0.7845 0.022 
0.0071 0.0013 0.0035 0.0008 0.0014 0.0001 0 0.0216 0.0252 0.0001 0 0.0013 0.0006 0 0.0671 0.8424 0.0275 
0.0047 0.0012 0.0073 0.0004 0.0007 0 0 0.0063 0.0074 0 0 0.0014 0.0004 0 0.1736 0.7802 0.0163 
0.0084 0.0023 0.0078 0.0007 0.0012 0 0 0.0129 0.0151 0.0001 0 0.0022 0.0006 0 0.1514 0.7802 0.0169 
0.0029 0.0007 0.007 0.0003 0.0004 0 0 0.0037 0.0043 0 0 0.001 0.0003 0 0.1768 0.7867 0.016 
0.002 0.0005 0.0067 0.0002 0.0003 0 0 0.0026 0.0031 0 0 0.0007 0.0002 0 0.1763 0.7916 0.0158 
0.0018 0.0004 0.0064 0.0002 0.0003 0 0 0.0024 0.0028 0 0 0.0007 0.0002 0 0.1728 0.7961 0.0161 
0.0017 0.0003 0.0063 0.0002 0.0003 0 0 0.0023 0.0028 0 0 0.0006 0.0002 0 0.1762 0.7937 0.0154 
0.0022 0.0003 0.006 0.0002 0.0003 0 0 0.003 0.0035 0 0 0.0007 0.0002 0 0.177 0.7911 0.0153 
0.0033 0.0005 0.0058 0.0003 0.0005 0 0 0.0049 0.0058 0 0 0.001 0.0003 0 0.1749 0.7874 0.0151 
0.0059 0.0009 0.0058 0.0006 0.001 0 0 0.0103 0.012 0.0001 0 0.0015 0.0005 0 0.1544 0.7917 0.0153 
0.0144 0.0044 0.0082 0.0013 0.0022 0.0001 0 0.0287 0.0337 0.0001 0 0.0031 0.001 0 0.1051 0.7793 0.0185 
0.0167 0.0069 0.0039 0.0019 0.0037 0.0002 0 0.1014 0.1184 0.0004 0 0.0023 0.0009 0 0.0292 0.6913 0.0228 
0.0137 0.0039 0.0029 0.0018 0.0036 0.0002 0 0.0978 0.1139 0.0004 0 0.0018 0.0009 0 0.0344 0.7021 0.0225 
0.0103 0.0017 0.0057 0.0011 0.0019 0.0001 0 0.0243 0.0283 0.0001 0 0.0021 0.0008 0 0.1112 0.7957 0.0167 
0.0109 0.0025 0.0161 0.0009 0.0014 0 0 0.0093 0.011 0 0 0.0036 0.001 0 0.4252 0.5152 0.0027 
0.0248 0.0067 0.0185 0.0021 0.0035 0.0001 0 0.031 0.0365 0.0001 0 0.0062 0.0018 0 0.2585 0.6036 0.0064 
0.0047 0.001 0.0171 0.0004 0.0006 0 0 0.0032 0.0038 0 0 0.0022 0.0005 0 0.4659 0.499 0.0015 
0.002 0.0004 0.0191 0.0002 0.0003 0 0 0.0012 0.0015 0 0 0.0012 0.0003 0 0.478 0.4949 0.0009 
0.0009 0.0001 0.0172 0.0001 0.0001 0 0 0.0005 0.0006 0 0 0.0007 0.0002 0 0.4836 0.4951 0.0007 
0.0014 0.0002 0.017 0.0001 0.0002 0 0 0.0009 0.001 0 0 0.001 0.0003 0 0.482 0.4951 0.0008 
0.0032 0.0004 0.0138 0.0003 0.0005 0 0 0.0022 0.0026 0 0 0.0016 0.0005 0 0.4746 0.4991 0.0012 
0.0075 0.0009 0.012 0.0007 0.0012 0 0 0.0067 0.0079 0 0 0.0026 0.0009 0 0.4416 0.5157 0.0022 
0.0183 0.0025 0.0137 0.0018 0.003 0.0001 0 0.025 0.0293 0.0001 0 0.0045 0.0017 0 0.2789 0.6157 0.0054 
0.0322 0.0102 0.0146 0.0029 0.005 0.0002 0 0.0653 0.0764 0.0003 0 0.0064 0.0021 0.0001 0.1327 0.6412 0.0106 
0.0292 0.0102 0.0097 0.0028 0.005 0.0002 0 0.0896 0.1047 0.0003 0 0.005 0.0017 0 0.0726 0.6529 0.0158 
0.0223 0.0045 0.0067 0.0026 0.0047 0.0002 0 0.0828 0.0962 0.0004 0 0.0035 0.0016 0 0.0909 0.6687 0.0149 
0.0242 0.0041 0.0103 0.0026 0.0045 0.0002 0 0.0577 0.0671 0.0003 0 0.0045 0.0019 0 0.1559 0.6572 0.0095 
0.0556 0.0103 0.1109 0.0046 0.0069 0.0001 0 0.0228 0.0277 0.0001 0 0.0244 0.0061 0.0001 0.4943 0.2343 0.0017 
0.0656 0.0142 0.0604 0.0053 0.0082 0.0002 0 0.0417 0.0499 0.0002 0 0.0204 0.0055 0.0001 0.4089 0.3164 0.0031 
0.0274 0.0046 0.245 0.0027 0.0039 0.0001 0 0.009 0.011 0.0001 0 0.0242 0.0052 0.0001 0.5103 0.1555 0.0008 
0.0121 0.002 0.3468 0.0013 0.0019 0 0 0.0037 0.0045 0 0 0.0141 0.003 0.0001 0.463 0.147 0.0004 
0.0058 0.0008 0.6593 0.0007 0.001 0 0 0.0016 0.002 0 0 0.009 0.002 0 0.2325 0.0851 0.0002 
0.0097 0.001 0.3381 0.0012 0.0016 0 0 0.0029 0.0036 0 0 0.0125 0.003 0 0.4859 0.1401 0.0003 
0.0218 0.0021 0.2306 0.0024 0.0035 0.0001 0 0.0072 0.0087 0.0001 0 0.0212 0.0055 0.0001 0.5505 0.1456 0.0006 
0.0443 0.0043 0.0959 0.0043 0.0064 0.0002 0 0.0187 0.0225 0.0001 0 0.0203 0.0063 0.0001 0.5502 0.2252 0.0013 
0.0522 0.0058 0.0487 0.0049 0.0076 0.0003 0 0.0344 0.0408 0.0002 0 0.0163 0.0056 0.0001 0.4719 0.3087 0.0025 
0.0595 0.0174 0.0284 0.0051 0.0085 0.0002 0 0.0779 0.0918 0.0003 0 0.0125 0.0039 0.0001 0.204 0.4844 0.006 
0.0441 0.0153 0.0143 0.0042 0.0074 0.0003 0 0.119 0.139 0.0004 0 0.0075 0.0026 0.0001 0.096 0.5398 0.0101 
0.034 0.0064 0.0099 0.0038 0.0069 0.0004 0 0.1099 0.1275 0.0005 0 0.0053 0.0024 0.0001 0.1288 0.5547 0.0093 
0.0467 0.0068 0.0214 0.0048 0.0079 0.0003 0 0.0649 0.076 0.0004 0 0.0093 0.0038 0.0001 0.266 0.4868 0.0051 
0.0239 0.0035 0.7301 0.0037 0.005 0.0001 0 0.0041 0.0053 0 0 0.0692 0.013 0.0002 0.1063 0.0353 0.0002 
0.0262 0.0038 0.7112 0.0051 0.0068 0.0001 0 0.0038 0.0051 0 0 0.1316 0.0237 0.0004 0.061 0.0212 0.0001 
0.0148 0.0022 0.6874 0.0019 0.0027 0 0 0.0033 0.0041 0 0 0.0302 0.0059 0.0001 0.1869 0.0602 0.0002 
0.0088 0.0013 0.7025 0.0011 0.0015 0 0 0.0022 0.0028 0 0 0.0156 0.0031 0.0001 0.1953 0.0656 0.0002 
0.0075 0.0008 0.7073 0.001 0.0014 0 0 0.0019 0.0023 0 0 0.0143 0.0032 0 0.1978 0.0622 0.0002 
0.0122 0.0012 0.6956 0.0017 0.0024 0.0001 0 0.0027 0.0033 0 0 0.0276 0.0063 0.0001 0.1923 0.0545 0.0002 
0.0205 0.002 0.7372 0.0033 0.0045 0.0001 0 0.0036 0.0045 0 0 0.0656 0.0146 0.0002 0.1135 0.0304 0.0001 
0.0234 0.0023 0.7113 0.0045 0.0061 0.0001 0 0.0034 0.0044 0 0 0.1295 0.0277 0.0003 0.0691 0.0177 0.0001 
0.0219 0.0034 0.6287 0.0058 0.0076 0.0001 0 0.003 0.0041 0 0 0.2365 0.0407 0.0007 0.0348 0.0126 0.0001 
0.0129 0.0021 0.554 0.0044 0.0058 0.0001 0 0.0017 0.0024 0 0 0.3365 0.055 0.0009 0.0177 0.0064 0 
0.0082 0.0014 0.5079 0.0034 0.0044 0.0001 0 0.0011 0.0015 0 0 0.39 0.0664 0.001 0.0107 0.0038 0 
0.0074 0.001 0.4935 0.0029 0.0037 0.0001 0 0.001 0.0013 0 0 0.3943 0.0793 0.0008 0.0116 0.0031 0 
0.0114 0.0014 0.5373 0.0037 0.0048 0.0001 0 0.0015 0.002 0 0 0.3416 0.0705 0.0007 0.0199 0.0051 0 
0.0197 0.0022 0.6195 0.005 0.0067 0.0001 0 0.0027 0.0036 0 0 0.2397 0.0497 0.0005 0.0404 0.0102 0.0001 
0.0047 0.0007 0.9192 0.0009 0.0012 0 0 0.0008 0.001 0 0 0.0291 0.0052 0.0001 0.0278 0.0093 0 
0.0053 0.0008 0.9017 0.0012 0.0016 0 0 0.0008 0.0011 0 0 0.0529 0.0092 0.0002 0.0188 0.0064 0 
0.004 0.0006 0.9176 0.0006 0.0009 0 0 0.0008 0.001 0 0 0.0168 0.0031 0.0001 0.0409 0.0137 0 
0.0037 0.0005 0.9023 0.0005 0.0008 0 0 0.0008 0.001 0 0 0.0126 0.0024 0 0.0564 0.0189 0.0001 
0.0026 0.0003 0.9275 0.0004 0.0005 0 0 0.0006 0.0007 0 0 0.0091 0.0018 0 0.0424 0.014 0 
0.0033 0.0004 0.905 0.0005 0.0007 0 0 0.0007 0.0009 0 0 0.0119 0.0025 0 0.0561 0.018 0.0001 
0.0033 0.0004 0.9225 0.0005 0.0007 0 0 0.0006 0.0008 0 0 0.0153 0.0033 0 0.0401 0.0123 0 
0.0039 0.0004 0.9247 0.0007 0.001 0 0 0.0007 0.0008 0 0 0.027 0.0057 0.0001 0.0271 0.0079 0 
0.0045 0.0005 0.9058 0.001 0.0013 0 0 0.0007 0.0009 0 0 0.0507 0.0105 0.0001 0.0188 0.0052 0 
0.0053 0.0008 0.8637 0.0014 0.0019 0 0 0.0008 0.001 0 0 0.0919 0.0158 0.0003 0.0125 0.0043 0 
0.0046 0.0005 0.8644 0.0012 0.0016 0 0 0.0007 0.0009 0 0 0.0909 0.0185 0.0002 0.013 0.0035 0 
0.002 0.0003 0.959 0.0004 0.0005 0 0 0.0003 0.0004 0 0 0.0172 0.003 0 0.0124 0.0041 0 
0.0028 0.0004 0.9405 0.0006 0.0008 0 0 0.0004 0.0006 0 0 0.033 0.0058 0.0001 0.0111 0.0038 0 
0.0015 0.0002 0.9663 0.0003 0.0004 0 0 0.0003 0.0004 0 0 0.0097 0.0018 0 0.0144 0.0048 0 
0.0013 0.0002 0.9691 0.0002 0.0003 0 0 0.0002 0.0003 0 0 0.0065 0.0012 0 0.0155 0.0051 0 
0.0009 0.0001 0.977 0.0002 0.0002 0 0 0.0002 0.0002 0 0 0.0049 0.001 0 0.0115 0.0038 0 
0.0011 0.0001 0.9701 0.0002 0.0003 0 0 0.0002 0.0003 0 0 0.0062 0.0013 0 0.0153 0.0049 0 
0.0013 0.0001 0.9683 0.0002 0.0003 0 0 0.0002 0.0003 0 0 0.009 0.0018 0 0.014 0.0043 0 
0.0017 0.0002 0.9618 0.0003 0.0005 0 0 0.0003 0.0004 0 0 0.016 0.0033 0 0.0119 0.0035 0 
0.0023 0.0003 0.9435 0.0005 0.0007 0 0 0.0004 0.0005 0 0 0.0315 0.0064 0.0001 0.0109 0.0031 0 
0.0038 0.0006 0.8992 0.001 0.0013 0 0 0.0005 0.0007 0 0 0.0677 0.0117 0.0002 0.0098 0.0034 0 
0.0041 0.0006 0.8423 0.0013 0.0017 0 0 0.0006 0.0008 0 0 0.1171 0.0204 0.0003 0.008 0.0028 0 
0.0036 0.0006 0.8163 0.0013 0.0017 0 0 0.0005 0.0007 0 0 0.1413 0.0252 0.0004 0.0063 0.0021 0 
0.0033 0.0005 0.8142 0.0012 0.0015 0 0 0.0005 0.0006 0 0 0.1418 0.0278 0.0003 0.0065 0.0018 0 
0.0036 0.0005 0.8407 0.0011 0.0015 0 0 0.0005 0.0007 0 0 0.1172 0.0234 0.0003 0.0083 0.0023 0 
0.0032 0.0004 0.9006 0.0009 0.0011 0 0 0.0005 0.0006 0 0 0.0665 0.0134 0.0001 0.0099 0.0027 0 
0.1179 0.0175 0.2215 0.0263 0.035 0.0005 0 0.0144 0.0196 0.0002 0 0.3529 0.0707 0.0014 0.086 0.0357 0.0003 
0.0367 0.0062 0.2771 0.0125 0.0163 0.0002 0 0.0047 0.0066 0.0001 0 0.5032 0.0877 0.0015 0.0338 0.0132 0.0001 
0.0995 0.0189 0.1264 0.0398 0.0518 0.0007 0 0.0123 0.0176 0.0002 0 0.4308 0.1313 0.0026 0.0469 0.0212 0.0002 
0.034 0.0043 0.25 0.0109 0.0143 0.0002 0 0.0043 0.0058 0.0001 0 0.5161 0.1054 0.0011 0.0428 0.0106 0.0001 
0.1185 0.0124 0.1872 0.0255 0.0341 0.0006 0 0.0145 0.0192 0.0002 0 0.3438 0.0798 0.0013 0.1317 0.0308 0.0003 
0.1074 0.0153 0.108 0.0395 0.0519 0.0009 0 0.0127 0.0176 0.0002 0 0.4131 0.1401 0.0023 0.0721 0.0189 0.0002 
0.0108 0.0019 0.3632 0.0047 0.0061 0.0001 0 0.0014 0.002 0 0 0.5118 0.0799 0.0013 0.0121 0.0045 0 
0.0091 0.0013 0.3358 0.0037 0.0048 0.0001 0 0.0012 0.0016 0 0 0.5172 0.1077 0.001 0.0132 0.0034 0 
0.0697 0.017 0.0692 0.0561 0.0714 0.0008 0 0.0092 0.0138 0.0002 0 0.3984 0.253 0.0049 0.0243 0.0118 0.0001 
0.0746 0.0147 0.0571 0.0527 0.0678 0.001 0 0.0093 0.0136 0.0002 0 0.403 0.2544 0.0041 0.0368 0.0105 0.0001 
0.1549 0.0252 0.135 0.0421 0.0556 0.0008 0 0.0177 0.0249 0.0002 0 0.3476 0.0922 0.002 0.0697 0.032 0.0003 
0.1706 0.0195 0.1116 0.0421 0.056 0.001 0 0.0188 0.0256 0.0003 0 0.3097 0.1063 0.0019 0.1076 0.0286 0.0003 
0.2803 0.0305 0.1411 0.0321 0.0441 0.0007 0 0.0259 0.0353 0.0003 0 0.1836 0.0497 0.0011 0.1192 0.0554 0.0006 
0.28 0.0207 0.1067 0.0318 0.0437 0.0009 0 0.028 0.0366 0.0004 0 0.18 0.0638 0.0012 0.1614 0.0443 0.0004 
0.079 0.028 0.0301 0.1518 0.1896 0.002 0 0.0114 0.0186 0.0003 0 0.1537 0.3049 0.0084 0.0139 0.0083 0.0001 
0.0698 0.0221 0.0252 0.1396 0.175 0.0023 0 0.0103 0.0164 0.0004 0 0.1494 0.353 0.0085 0.0208 0.0072 0.0001 
0.0259 0.0119 0.0085 0.1824 0.23 0.0026 0 0.0044 0.0081 0.0002 0 0.0448 0.4537 0.0211 0.004 0.0025 0 
0.0263 0.0111 0.0073 0.1781 0.2276 0.003 0 0.0045 0.0082 0.0002 0 0.0449 0.4601 0.02 0.0061 0.0025 0 
0.1505 0.0356 0.0778 0.0691 0.0905 0.0012 0 0.0203 0.0298 0.0003 0 0.3387 0.1166 0.0027 0.0436 0.0229 0.0003 
0.1602 0.0314 0.068 0.0794 0.1043 0.0017 0 0.0196 0.0284 0.0005 0 0.2568 0.1612 0.0032 0.0655 0.0197 0.0002 
0.0301 0.0077 0.0059 0.0039 0.0078 0.0005 0 0.1915 0.2213 0.0008 0 0.0039 0.002 0 0.0671 0.4462 0.0113 
0.0925 0.0139 0.0232 0.0095 0.0158 0.0007 0 0.1176 0.1381 0.0007 0 0.0143 0.0064 0.0001 0.2907 0.2731 0.0035 
0.279 0.0244 0.0674 0.0225 0.0336 0.001 0 0.0628 0.078 0.0006 0 0.0577 0.0227 0.0005 0.2464 0.1022 0.0011 
0.0372 0.0157 0.008 0.004 0.0078 0.0003 0 0.1971 0.2292 0.0007 0 0.0049 0.002 0.0001 0.0505 0.431 0.0115 
0.1043 0.0327 0.0322 0.0091 0.0151 0.0004 0 0.1342 0.158 0.0006 0 0.0183 0.0061 0.0002 0.1583 0.3256 0.0049 
0.2675 0.0485 0.082 0.0179 0.0273 0.0006 0 0.0682 0.0855 0.0005 0 0.0586 0.0172 0.0004 0.1933 0.131 0.0016 
0.1481 0.0271 0.0929 0.0111 0.0167 0.0004 0 0.0491 0.0604 0.0003 0 0.0457 0.0123 0.0003 0.3471 0.1868 0.0019 
0.1241 0.0117 0.0754 0.0111 0.0166 0.0005 0 0.0438 0.053 0.0003 0 0.0389 0.0134 0.0003 0.4327 0.1767 0.0015 
0.1539 0.0232 0.1639 0.0134 0.0193 0.0004 0 0.0338 0.0425 0.0002 0 0.0795 0.0196 0.0004 0.3259 0.1229 0.0012 
0.1311 0.0115 0.1342 0.013 0.0187 0.0005 0 0.0308 0.038 0.0003 0 0.0701 0.0215 0.0004 0.4161 0.1129 0.0009 
0.2382 0.0301 0.1556 0.0212 0.03 0.0005 0 0.0359 0.0462 0.0003 0 0.1228 0.0316 0.0007 0.1956 0.0904 0.001 
0.2041 0.0168 0.1201 0.0207 0.0294 0.0007 0 0.0356 0.0447 0.0004 0 0.1104 0.0358 0.0007 0.3004 0.0793 0.0007 
0.0152 0.0024 0.5253 0.0018 0.0025 0 0 0.004 0.005 0 0 0.0218 0.0044 0.0001 0.3169 0.1002 0.0004 
0.0123 0.0012 0.5269 0.0016 0.0022 0.0001 0 0.0032 0.004 0 0 0.0196 0.0047 0.0001 0.3308 0.0931 0.0003 
0.0564 0.0081 0.4835 0.0067 0.0094 0.0002 0 0.0108 0.0138 0.0001 0 0.076 0.0157 0.0003 0.2394 0.0791 0.0005 
0.0485 0.0044 0.4744 0.0062 0.0087 0.0002 0 0.0096 0.012 0.0001 0 0.0713 0.0175 0.0003 0.2756 0.071 0.0004 
0.1539 0.0199 0.291 0.0186 0.0256 0.0004 0 0.0217 0.0283 0.0002 0 0.1692 0.0367 0.0008 0.1662 0.0669 0.0006 
0.1393 0.0119 0.2003 0.0176 0.0244 0.0005 0 0.0214 0.0272 0.0002 0 0.1598 0.0418 0.0007 0.2954 0.059 0.0005 
0.0729 0.0103 0.4431 0.0131 0.0176 0.0003 0 0.01 0.0133 0.0001 0 0.2276 0.0433 0.0008 0.1078 0.0396 0.0003 
0.0683 0.0066 0.418 0.0124 0.0167 0.0003 0 0.0095 0.0124 0.0001 0 0.2281 0.0509 0.0007 0.1418 0.034 0.0002 
0.1216 0.0165 0.3087 0.02 0.027 0.0004 0 0.0156 0.0208 0.0002 0 0.2528 0.0507 0.001 0.1175 0.0468 0.0004 
0.1156 0.0107 0.2621 0.0192 0.026 0.0005 0 0.0154 0.02 0.0002 0 0.2478 0.0584 0.0009 0.1824 0.0404 0.0003 
0.1596 0.0203 0.2456 0.0233 0.0316 0.0005 0 0.0189 0.0252 0.0002 0 0.2495 0.0507 0.0011 0.1224 0.0508 0.0005 
0.1536 0.0132 0.1929 0.0223 0.0304 0.0006 0 0.0192 0.0249 0.0003 0 0.241 0.0584 0.001 0.1979 0.044 0.0004 
0.0103 0.0039 0.0046 0.0524 0.0678 0.0009 0 0.0017 0.0029 0.0001 0 0.0353 0.775 0.041 0.0029 0.0011 0 
0.0067 0.0021 0.0055 0.0222 0.0285 0.0004 0 0.001 0.0017 0 0 0.0516 0.8336 0.0434 0.0024 0.0008 0 
0.0072 0.0025 0.0079 0.0233 0.0296 0.0003 0 0.0011 0.0018 0 0 0.0516 0.8275 0.0444 0.0018 0.0009 0 
0.0171 0.0081 0.0022 0.0034 0.0084 0.0007 0 0.3919 0.4462 0.0013 0 0.0019 0.0012 0 0.0185 0.096 0.0029 
0.0363 0.0171 0.0035 0.0075 0.0172 0.0013 0 0.3714 0.4502 0.0025 0 0.0037 0.0026 0.0001 0.0255 0.0596 0.0015 
0.061 0.0497 0.0042 0.0192 0.044 0.0032 0 0.3237 0.4264 0.0038 0 0.0061 0.0054 0.0002 0.0212 0.0311 0.0007 
0.0657 0.276 0.0049 0.0803 0.1936 0.0124 0.0001 0.0991 0.2054 0.0062 0 0.011 0.0141 0.0004 0.0153 0.0152 0.0003 
0.0165 0.0111 0.0022 0.0028 0.007 0.0004 0 0.3986 0.4571 0.0012 0 0.0018 0.0009 0 0.0114 0.0864 0.0026 
0.0405 0.0282 0.0047 0.0067 0.015 0.0007 0 0.3697 0.4389 0.0016 0 0.0043 0.0023 0.0001 0.0194 0.0663 0.0016 
0.0861 0.0842 0.0058 0.019 0.0411 0.0018 0 0.3015 0.3991 0.0022 0 0.0081 0.0052 0.0002 0.0148 0.0302 0.0007 
0.0689 0.2938 0.0058 0.0803 0.1963 0.0083 0.0001 0.085 0.2076 0.0048 0 0.0129 0.0127 0.0004 0.0092 0.0136 0.0003 
0.033 0.0266 0.0046 0.3556 0.4462 0.0059 0 0.0091 0.0186 0.0006 0 0.0209 0.0668 0.0025 0.0061 0.0032 0 
0.0624 0.0786 0.0058 0.2899 0.4056 0.0073 0.0001 0.0257 0.0508 0.0016 0 0.019 0.0338 0.0011 0.0111 0.0071 0.0001 
0.0152 0.0105 0.0031 0.3767 0.4579 0.0044 0 0.0034 0.0077 0.0002 0 0.0149 0.0976 0.005 0.002 0.0014 0 
0.0331 0.0265 0.0049 0.3585 0.458 0.0051 0 0.0082 0.0174 0.0004 0 0.0205 0.0582 0.0025 0.0036 0.003 0 
0.0494 0.0754 0.0053 0.3041 0.4339 0.0063 0 0.021 0.0465 0.0011 0 0.0172 0.0274 0.001 0.0055 0.0057 0.0001 
0.0029 0.0087 0.0002 0.007 0.2699 0.144 0.0017 0.0092 0.468 0.0842 0.0003 0.0006 0.0011 0 0.0008 0.0012 0 
0.0101 0.0324 0.0008 0.0226 0.33 0.0775 0.0009 0.0266 0.4477 0.0396 0.0001 0.0019 0.0034 0.0001 0.0026 0.0037 0.0001 
0.027 0.0968 0.0021 0.0518 0.3381 0.0416 0.0005 0.0574 0.3365 0.0199 0.0001 0.0049 0.008 0.0003 0.0067 0.0082 0.0002 
0.0022 0.0068 0.0002 0.0046 0.2945 0.1305 0.0014 0.0061 0.4697 0.0814 0.0003 0.0004 0.0007 0 0.0004 0.0008 0 
0.0082 0.0271 0.0007 0.0147 0.3187 0.0538 0.0005 0.0213 0.509 0.0381 0.0001 0.0016 0.0021 0.0001 0.0013 0.0027 0.0001 
0.0261 0.0957 0.0022 0.0381 0.305 0.0271 0.0002 0.0559 0.4089 0.0185 0.0001 0.0049 0.0056 0.0002 0.0038 0.0075 0.0002 
